<?xml version="1.0" encoding="UTF-8"?>
<!-- Generated by org.testng.reporters.JUnitReportReporter -->
<testsuite hostname="LSPL313-PC" failures="0" tests="20" name="com.myProject.TestCases.HomePageCase" time="610.726" errors="1" timestamp="2021-12-19T14:33:13 IST" skipped="1">
  <testcase classname="com.myProject.TestCases.HomePageCase" name="validatePageTitle" time="30.418"/>
  <system-out/>
  <testcase classname="com.myProject.TestCases.HomePageCase" name="validateLogo" time="15.417"/>
  <system-out/>
  <testcase classname="com.myProject.TestCases.HomePageCase" name="validateFNFreeTrailButton" time="26.881"/>
  <system-out/>
  <testcase classname="com.myProject.TestCases.HomePageCase" name="validateFNFreeTrailButton" time="25.500">
    <error message="no such element: Unable to locate element: {&quot;method&quot;:&quot;xpath&quot;,&quot;selector&quot;:&quot;//*[@id=&#039;myText&#039;]&quot;}
  (Session info: chrome=96.0.4664.110)
For documentation on this error, please visit: https://selenium.dev/exceptions/#no_such_element
Build info: version: &#039;4.0.0&#039;, revision: &#039;3a21814679&#039;
System info: host: &#039;LSPL313-PC&#039;, ip: &#039;192.168.106.84&#039;, os.name: &#039;Windows 10&#039;, os.arch: &#039;amd64&#039;, os.version: &#039;10.0&#039;, java.version: &#039;15.0.1&#039;
Driver info: org.openqa.selenium.chrome.ChromeDriver
Command: [f67e7c028b5dfabf6d1505eca38ab773, findElement {using=xpath, value=//*[@id=&#039;myText&#039;]}]
Capabilities {acceptInsecureCerts: false, browserName: chrome, browserVersion: 96.0.4664.110, chrome: {chromedriverVersion: 95.0.4638.54 (d31a821ec901f..., userDataDir: C:\Users\LSPL313\AppData\Lo...}, goog:chromeOptions: {debuggerAddress: localhost:64601}, javascriptEnabled: true, networkConnectionEnabled: false, pageLoadStrategy: normal, platform: WINDOWS, platformName: WINDOWS, proxy: Proxy(), se:cdp: ws://localhost:64601/devtoo..., se:cdpVersion: 96.0.4664.110, setWindowRect: true, strictFileInteractability: false, timeouts: {implicit: 0, pageLoad: 300000, script: 30000}, unhandledPromptBehavior: dismiss and notify, webauthn:extension:credBlob: true, webauthn:extension:largeBlob: true, webauthn:virtualAuthenticators: true}
Session ID: f67e7c028b5dfabf6d1505eca38ab773" type="org.openqa.selenium.NoSuchElementException">
      <![CDATA[org.openqa.selenium.NoSuchElementException: no such element: Unable to locate element: {"method":"xpath","selector":"//*[@id='myText']"}
  (Session info: chrome=96.0.4664.110)
For documentation on this error, please visit: https://selenium.dev/exceptions/#no_such_element
Build info: version: '4.0.0', revision: '3a21814679'
System info: host: 'LSPL313-PC', ip: '192.168.106.84', os.name: 'Windows 10', os.arch: 'amd64', os.version: '10.0', java.version: '15.0.1'
Driver info: org.openqa.selenium.chrome.ChromeDriver
Command: [f67e7c028b5dfabf6d1505eca38ab773, findElement {using=xpath, value=//*[@id='myText']}]
Capabilities {acceptInsecureCerts: false, browserName: chrome, browserVersion: 96.0.4664.110, chrome: {chromedriverVersion: 95.0.4638.54 (d31a821ec901f..., userDataDir: C:\Users\LSPL313\AppData\Lo...}, goog:chromeOptions: {debuggerAddress: localhost:64601}, javascriptEnabled: true, networkConnectionEnabled: false, pageLoadStrategy: normal, platform: WINDOWS, platformName: WINDOWS, proxy: Proxy(), se:cdp: ws://localhost:64601/devtoo..., se:cdpVersion: 96.0.4664.110, setWindowRect: true, strictFileInteractability: false, timeouts: {implicit: 0, pageLoad: 300000, script: 30000}, unhandledPromptBehavior: dismiss and notify, webauthn:extension:credBlob: true, webauthn:extension:largeBlob: true, webauthn:virtualAuthenticators: true}
Session ID: f67e7c028b5dfabf6d1505eca38ab773
at java.base/jdk.internal.reflect.NativeConstructorAccessorImpl.newInstance0(Native Method)
at java.base/jdk.internal.reflect.NativeConstructorAccessorImpl.newInstance(NativeConstructorAccessorImpl.java:64)
at java.base/jdk.internal.reflect.DelegatingConstructorAccessorImpl.newInstance(DelegatingConstructorAccessorImpl.java:45)
at java.base/java.lang.reflect.Constructor.newInstanceWithCaller(Constructor.java:500)
at java.base/java.lang.reflect.Constructor.newInstance(Constructor.java:481)
at org.openqa.selenium.remote.codec.w3c.W3CHttpResponseCodec.createException(W3CHttpResponseCodec.java:200)
at org.openqa.selenium.remote.codec.w3c.W3CHttpResponseCodec.decode(W3CHttpResponseCodec.java:133)
at org.openqa.selenium.remote.codec.w3c.W3CHttpResponseCodec.decode(W3CHttpResponseCodec.java:53)
at org.openqa.selenium.remote.HttpCommandExecutor.execute(HttpCommandExecutor.java:184)
at org.openqa.selenium.remote.service.DriverCommandExecutor.invokeExecute(DriverCommandExecutor.java:164)
at org.openqa.selenium.remote.service.DriverCommandExecutor.execute(DriverCommandExecutor.java:139)
at org.openqa.selenium.remote.RemoteWebDriver.execute(RemoteWebDriver.java:559)
at org.openqa.selenium.remote.ElementLocation$ElementFinder$2.findElement(ElementLocation.java:162)
at org.openqa.selenium.remote.ElementLocation.findElement(ElementLocation.java:60)
at org.openqa.selenium.remote.RemoteWebDriver.findElement(RemoteWebDriver.java:383)
at org.openqa.selenium.remote.RemoteWebDriver.findElement(RemoteWebDriver.java:375)
at org.openqa.selenium.support.pagefactory.DefaultElementLocator.findElement(DefaultElementLocator.java:70)
at org.openqa.selenium.support.pagefactory.internal.LocatingElementHandler.invoke(LocatingElementHandler.java:39)
at com.sun.proxy.$Proxy22.sendKeys(Unknown Source)
at com.myProject.PageActionClass.HomePage.fnGetTrail(HomePage.java:129)
at com.myProject.TestCases.HomePageCase.validateFNFreeTrailButton(HomePageCase.java:76)
at java.base/jdk.internal.reflect.NativeMethodAccessorImpl.invoke0(Native Method)
at java.base/jdk.internal.reflect.NativeMethodAccessorImpl.invoke(NativeMethodAccessorImpl.java:64)
at java.base/jdk.internal.reflect.DelegatingMethodAccessorImpl.invoke(DelegatingMethodAccessorImpl.java:43)
at java.base/java.lang.reflect.Method.invoke(Method.java:564)
at org.testng.internal.MethodInvocationHelper.invokeMethod(MethodInvocationHelper.java:133)
at org.testng.internal.TestInvoker.invokeMethod(TestInvoker.java:598)
at org.testng.internal.TestInvoker.invokeTestMethod(TestInvoker.java:173)
at org.testng.internal.MethodRunner.runInSequence(MethodRunner.java:46)
at org.testng.internal.TestInvoker$MethodInvocationAgent.invoke(TestInvoker.java:824)
at org.testng.internal.TestInvoker.invokeTestMethods(TestInvoker.java:146)
at org.testng.internal.TestMethodWorker.invokeTestMethods(TestMethodWorker.java:146)
at org.testng.internal.TestMethodWorker.run(TestMethodWorker.java:128)
at java.base/java.util.ArrayList.forEach(ArrayList.java:1511)
at org.testng.TestRunner.privateRun(TestRunner.java:794)
at org.testng.TestRunner.run(TestRunner.java:596)
at org.testng.SuiteRunner.runTest(SuiteRunner.java:377)
at org.testng.SuiteRunner.runSequentially(SuiteRunner.java:371)
at org.testng.SuiteRunner.privateRun(SuiteRunner.java:332)
at org.testng.SuiteRunner.run(SuiteRunner.java:276)
at org.testng.SuiteRunnerWorker.runSuite(SuiteRunnerWorker.java:53)
at org.testng.SuiteRunnerWorker.run(SuiteRunnerWorker.java:96)
at org.testng.TestNG.runSuitesSequentially(TestNG.java:1212)
at org.testng.TestNG.runSuitesLocally(TestNG.java:1134)
at org.testng.TestNG.runSuites(TestNG.java:1063)
at org.testng.TestNG.run(TestNG.java:1031)
at org.testng.remote.AbstractRemoteTestNG.run(AbstractRemoteTestNG.java:115)
at org.testng.remote.RemoteTestNG.initAndRun(RemoteTestNG.java:251)
at org.testng.remote.RemoteTestNG.main(RemoteTestNG.java:77)
]]>
    </error>
  </testcase> <!-- validateFNFreeTrailButton -->
  <system-out/>
  <testcase classname="com.myProject.TestCases.HomePageCase" name="validateFNFreeTrail" time="16.302">
    <skipped/>
  </testcase> <!-- validateFNFreeTrail -->
  <system-out/>
  <testcase classname="com.myProject.TestCases.HomePageCase" name="testAllLinksForHP" time="27.875"/>
  <system-out/>
  <testcase classname="com.myProject.TestCases.HomePageCase" name="validateNavaigationPlatform" time="21.776"/>
  <system-out/>
  <testcase classname="com.myProject.TestCases.HomePageCase" name="validateNavigationWhyOrangeHRM" time="25.003"/>
  <system-out/>
  <testcase classname="com.myProject.TestCases.HomePageCase" name="validateNavigationReSources" time="17.896"/>
  <system-out/>
  <testcase classname="com.myProject.TestCases.HomePageCase" name="validateNavigationCompany" time="69.968"/>
  <system-out/>
  <testcase classname="com.myProject.TestCases.HomePageCase" name="navigateToHRAdministrationThroughButton" time="21.718"/>
  <system-out/>
  <testcase classname="com.myProject.TestCases.HomePageCase" name="navigateEmployeeMgmtThroughButton" time="137.649"/>
  <system-out/>
  <testcase classname="com.myProject.TestCases.HomePageCase" name="navigateReportingThroughButton" time="22.858"/>
  <system-out/>
  <testcase classname="com.myProject.TestCases.HomePageCase" name="validateNavigatePerformanceManagement" time="21.122"/>
  <system-out/>
  <testcase classname="com.myProject.TestCases.HomePageCase" name="validateNavigateCarrerDevelopment" time="25.665"/>
  <system-out/>
  <testcase classname="com.myProject.TestCases.HomePageCase" name="validateClickOnTraining" time="21.423"/>
  <system-out/>
  <testcase classname="com.myProject.TestCases.HomePageCase" name="validateLearnTalentMgmt" time="21.147"/>
  <system-out/>
  <testcase classname="com.myProject.TestCases.HomePageCase" name="validateNavigateToRecruitmentPage" time="28.534"/>
  <system-out/>
  <testcase classname="com.myProject.TestCases.HomePageCase" name="validateNavigateToRecruitmentPageThroughButton" time="28.598"/>
  <system-out/>
  <testcase classname="com.myProject.TestCases.HomePageCase" name="validateNavigateToOnBoardingPageThroughButton" time="4.976"/>
  <system-out/>
</testsuite> <!-- com.myProject.TestCases.HomePageCase -->
