<?xml version="1.0" encoding="UTF-8"?>
<testng-results ignored="6" total="36" passed="23" failed="6" skipped="1">
  <reporter-output>
  </reporter-output>
  <suite started-at="2021-12-19T14:19:43 IST" name="Suite" finished-at="2021-12-19T14:33:12 IST" duration-ms="809518">
    <groups>
      <group name="Sanity">
        <method signature="HomePageCase.validatePageTitle()[pri:1, instance:com.myProject.TestCases.HomePageCase@776aec5c]" name="validatePageTitle" class="com.myProject.TestCases.HomePageCase"/>
        <method signature="HomePageCase.validateLogo()[pri:2, instance:com.myProject.TestCases.HomePageCase@776aec5c]" name="validateLogo" class="com.myProject.TestCases.HomePageCase"/>
      </group> <!-- Sanity -->
    </groups>
    <test started-at="2021-12-19T14:19:43 IST" name="Test" finished-at="2021-12-19T14:33:12 IST" duration-ms="809518">
      <class name="com.myProject.TestCases.GetFreeDemoTest">
        <test-method is-config="true" signature="pageSetup(java.lang.String)[pri:0, instance:com.myProject.TestCases.GetFreeDemoTest@22555ebf]" started-at="2021-12-19T14:32:11 IST" name="pageSetup" finished-at="2021-12-19T14:32:25 IST" duration-ms="13770" status="PASS">
          <params>
            <param index="0">
              <value>
                <![CDATA[chrome]]>
              </value>
            </param>
          </params>
          <reporter-output>
          </reporter-output>
        </test-method> <!-- pageSetup -->
        <test-method signature="navigateToGetDemoPage()[pri:1, instance:com.myProject.TestCases.GetFreeDemoTest@22555ebf]" started-at="2021-12-19T14:32:25 IST" name="navigateToGetDemoPage" finished-at="2021-12-19T14:32:27 IST" duration-ms="1980" status="FAIL">
          <exception class="java.lang.AssertionError">
            <message>
              <![CDATA[The following asserts failed:
expected [s] but found [c],
expected [Sign Up for a Free HR Software Demo | OrangeHRM] but found [Contact OrangeHRM]]]>
            </message>
            <full-stacktrace>
              <![CDATA[java.lang.AssertionError: The following asserts failed:
expected [s] but found [c],
expected [Sign Up for a Free HR Software Demo | OrangeHRM] but found [Contact OrangeHRM]
at org.testng.asserts.SoftAssert.assertAll(SoftAssert.java:47)
at org.testng.asserts.SoftAssert.assertAll(SoftAssert.java:31)
at com.myProject.TestCases.GetFreeDemoTest.navigateToGetDemoPage(GetFreeDemoTest.java:58)
at java.base/jdk.internal.reflect.NativeMethodAccessorImpl.invoke0(Native Method)
at java.base/jdk.internal.reflect.NativeMethodAccessorImpl.invoke(NativeMethodAccessorImpl.java:64)
at java.base/jdk.internal.reflect.DelegatingMethodAccessorImpl.invoke(DelegatingMethodAccessorImpl.java:43)
at java.base/java.lang.reflect.Method.invoke(Method.java:564)
at org.testng.internal.MethodInvocationHelper.invokeMethod(MethodInvocationHelper.java:133)
at org.testng.internal.TestInvoker.invokeMethod(TestInvoker.java:598)
at org.testng.internal.TestInvoker.invokeTestMethod(TestInvoker.java:173)
at org.testng.internal.MethodRunner.runInSequence(MethodRunner.java:46)
at org.testng.internal.TestInvoker$MethodInvocationAgent.invoke(TestInvoker.java:824)
at org.testng.internal.TestInvoker.invokeTestMethods(TestInvoker.java:146)
at org.testng.internal.TestMethodWorker.invokeTestMethods(TestMethodWorker.java:146)
at org.testng.internal.TestMethodWorker.run(TestMethodWorker.java:128)
at java.base/java.util.ArrayList.forEach(ArrayList.java:1511)
at org.testng.TestRunner.privateRun(TestRunner.java:794)
at org.testng.TestRunner.run(TestRunner.java:596)
at org.testng.SuiteRunner.runTest(SuiteRunner.java:377)
at org.testng.SuiteRunner.runSequentially(SuiteRunner.java:371)
at org.testng.SuiteRunner.privateRun(SuiteRunner.java:332)
at org.testng.SuiteRunner.run(SuiteRunner.java:276)
at org.testng.SuiteRunnerWorker.runSuite(SuiteRunnerWorker.java:53)
at org.testng.SuiteRunnerWorker.run(SuiteRunnerWorker.java:96)
at org.testng.TestNG.runSuitesSequentially(TestNG.java:1212)
at org.testng.TestNG.runSuitesLocally(TestNG.java:1134)
at org.testng.TestNG.runSuites(TestNG.java:1063)
at org.testng.TestNG.run(TestNG.java:1031)
at org.testng.remote.AbstractRemoteTestNG.run(AbstractRemoteTestNG.java:115)
at org.testng.remote.RemoteTestNG.initAndRun(RemoteTestNG.java:251)
at org.testng.remote.RemoteTestNG.main(RemoteTestNG.java:77)
]]>
            </full-stacktrace>
          </exception> <!-- java.lang.AssertionError -->
          <reporter-output>
          </reporter-output>
        </test-method> <!-- navigateToGetDemoPage -->
        <test-method is-config="true" signature="end()[pri:0, instance:com.myProject.TestCases.GetFreeDemoTest@22555ebf]" started-at="2021-12-19T14:32:27 IST" name="end" finished-at="2021-12-19T14:32:27 IST" duration-ms="663" status="PASS">
          <reporter-output>
          </reporter-output>
        </test-method> <!-- end -->
        <test-method is-config="true" signature="pageSetup(java.lang.String)[pri:0, instance:com.myProject.TestCases.GetFreeDemoTest@22555ebf]" started-at="2021-12-19T14:32:27 IST" name="pageSetup" finished-at="2021-12-19T14:32:38 IST" duration-ms="10332" status="PASS">
          <params>
            <param index="0">
              <value>
                <![CDATA[chrome]]>
              </value>
            </param>
          </params>
          <reporter-output>
          </reporter-output>
        </test-method> <!-- pageSetup -->
        <test-method signature="registerForFreeDemo(java.lang.String,java.lang.String,java.lang.String,int,java.lang.String,java.lang.String)[pri:2, instance:com.myProject.TestCases.GetFreeDemoTest@22555ebf]" started-at="2021-12-19T14:32:38 IST" name="registerForFreeDemo" data-provider="Fetchdata" finished-at="2021-12-19T14:32:50 IST" duration-ms="12212" status="FAIL">
          <params>
            <param index="0">
              <value>
                <![CDATA[prashant]]>
              </value>
            </param>
            <param index="1">
              <value>
                <![CDATA[kashid]]>
              </value>
            </param>
            <param index="2">
              <value>
                <![CDATA[abc@gmail.com]]>
              </value>
            </param>
            <param index="3">
              <value>
                <![CDATA[1234567890]]>
              </value>
            </param>
            <param index="4">
              <value>
                <![CDATA[India]]>
              </value>
            </param>
            <param index="5">
              <value>
                <![CDATA[Goa]]>
              </value>
            </param>
          </params>
          <exception class="org.openqa.selenium.NoSuchElementException">
            <message>
              <![CDATA[no such element: Unable to locate element: {"method":"xpath","selector":"/html/body/section[1]/div/div/div/div/div[2]/div/div/form/fieldset/div[5]/div/select"}
  (Session info: chrome=96.0.4664.110)
For documentation on this error, please visit: https://selenium.dev/exceptions/#no_such_element
Build info: version: '4.0.0', revision: '3a21814679'
System info: host: 'LSPL313-PC', ip: '192.168.106.84', os.name: 'Windows 10', os.arch: 'amd64', os.version: '10.0', java.version: '15.0.1'
Driver info: org.openqa.selenium.chrome.ChromeDriver
Command: [60d497281f9e861eb63ea720540e488c, findElement {using=xpath, value=/html/body/section[1]/div/div/div/div/div[2]/div/div/form/fieldset/div[5]/div/select}]
Capabilities {acceptInsecureCerts: false, browserName: chrome, browserVersion: 96.0.4664.110, chrome: {chromedriverVersion: 95.0.4638.54 (d31a821ec901f..., userDataDir: C:\Users\LSPL313\AppData\Lo...}, goog:chromeOptions: {debuggerAddress: localhost:50836}, javascriptEnabled: true, networkConnectionEnabled: false, pageLoadStrategy: normal, platform: WINDOWS, platformName: WINDOWS, proxy: Proxy(), se:cdp: ws://localhost:50836/devtoo..., se:cdpVersion: 96.0.4664.110, setWindowRect: true, strictFileInteractability: false, timeouts: {implicit: 0, pageLoad: 300000, script: 30000}, unhandledPromptBehavior: dismiss and notify, webauthn:extension:credBlob: true, webauthn:extension:largeBlob: true, webauthn:virtualAuthenticators: true}
Session ID: 60d497281f9e861eb63ea720540e488c]]>
            </message>
            <full-stacktrace>
              <![CDATA[org.openqa.selenium.NoSuchElementException: no such element: Unable to locate element: {"method":"xpath","selector":"/html/body/section[1]/div/div/div/div/div[2]/div/div/form/fieldset/div[5]/div/select"}
  (Session info: chrome=96.0.4664.110)
For documentation on this error, please visit: https://selenium.dev/exceptions/#no_such_element
Build info: version: '4.0.0', revision: '3a21814679'
System info: host: 'LSPL313-PC', ip: '192.168.106.84', os.name: 'Windows 10', os.arch: 'amd64', os.version: '10.0', java.version: '15.0.1'
Driver info: org.openqa.selenium.chrome.ChromeDriver
Command: [60d497281f9e861eb63ea720540e488c, findElement {using=xpath, value=/html/body/section[1]/div/div/div/div/div[2]/div/div/form/fieldset/div[5]/div/select}]
Capabilities {acceptInsecureCerts: false, browserName: chrome, browserVersion: 96.0.4664.110, chrome: {chromedriverVersion: 95.0.4638.54 (d31a821ec901f..., userDataDir: C:\Users\LSPL313\AppData\Lo...}, goog:chromeOptions: {debuggerAddress: localhost:50836}, javascriptEnabled: true, networkConnectionEnabled: false, pageLoadStrategy: normal, platform: WINDOWS, platformName: WINDOWS, proxy: Proxy(), se:cdp: ws://localhost:50836/devtoo..., se:cdpVersion: 96.0.4664.110, setWindowRect: true, strictFileInteractability: false, timeouts: {implicit: 0, pageLoad: 300000, script: 30000}, unhandledPromptBehavior: dismiss and notify, webauthn:extension:credBlob: true, webauthn:extension:largeBlob: true, webauthn:virtualAuthenticators: true}
Session ID: 60d497281f9e861eb63ea720540e488c
at java.base/jdk.internal.reflect.NativeConstructorAccessorImpl.newInstance0(Native Method)
at java.base/jdk.internal.reflect.NativeConstructorAccessorImpl.newInstance(NativeConstructorAccessorImpl.java:64)
at java.base/jdk.internal.reflect.DelegatingConstructorAccessorImpl.newInstance(DelegatingConstructorAccessorImpl.java:45)
at java.base/java.lang.reflect.Constructor.newInstanceWithCaller(Constructor.java:500)
at java.base/java.lang.reflect.Constructor.newInstance(Constructor.java:481)
at org.openqa.selenium.remote.codec.w3c.W3CHttpResponseCodec.createException(W3CHttpResponseCodec.java:200)
at org.openqa.selenium.remote.codec.w3c.W3CHttpResponseCodec.decode(W3CHttpResponseCodec.java:133)
at org.openqa.selenium.remote.codec.w3c.W3CHttpResponseCodec.decode(W3CHttpResponseCodec.java:53)
at org.openqa.selenium.remote.HttpCommandExecutor.execute(HttpCommandExecutor.java:184)
at org.openqa.selenium.remote.service.DriverCommandExecutor.invokeExecute(DriverCommandExecutor.java:164)
at org.openqa.selenium.remote.service.DriverCommandExecutor.execute(DriverCommandExecutor.java:139)
at org.openqa.selenium.remote.RemoteWebDriver.execute(RemoteWebDriver.java:559)
at org.openqa.selenium.remote.ElementLocation$ElementFinder$2.findElement(ElementLocation.java:162)
at org.openqa.selenium.remote.ElementLocation.findElement(ElementLocation.java:60)
at org.openqa.selenium.remote.RemoteWebDriver.findElement(RemoteWebDriver.java:383)
at org.openqa.selenium.remote.RemoteWebDriver.findElement(RemoteWebDriver.java:375)
at org.openqa.selenium.support.pagefactory.DefaultElementLocator.findElement(DefaultElementLocator.java:70)
at org.openqa.selenium.support.pagefactory.internal.LocatingElementHandler.invoke(LocatingElementHandler.java:39)
at com.sun.proxy.$Proxy22.sendKeys(Unknown Source)
at com.myProject.PageActionClass.GetFreeDemoPage.fillcountry(GetFreeDemoPage.java:86)
at com.myProject.TestCases.GetFreeDemoTest.registerForFreeDemo(GetFreeDemoTest.java:71)
at java.base/jdk.internal.reflect.NativeMethodAccessorImpl.invoke0(Native Method)
at java.base/jdk.internal.reflect.NativeMethodAccessorImpl.invoke(NativeMethodAccessorImpl.java:64)
at java.base/jdk.internal.reflect.DelegatingMethodAccessorImpl.invoke(DelegatingMethodAccessorImpl.java:43)
at java.base/java.lang.reflect.Method.invoke(Method.java:564)
at org.testng.internal.MethodInvocationHelper.invokeMethod(MethodInvocationHelper.java:133)
at org.testng.internal.TestInvoker.invokeMethod(TestInvoker.java:598)
at org.testng.internal.TestInvoker.invokeTestMethod(TestInvoker.java:173)
at org.testng.internal.MethodRunner.runInSequence(MethodRunner.java:46)
at org.testng.internal.TestInvoker$MethodInvocationAgent.invoke(TestInvoker.java:824)
at org.testng.internal.TestInvoker.invokeTestMethods(TestInvoker.java:146)
at org.testng.internal.TestMethodWorker.invokeTestMethods(TestMethodWorker.java:146)
at org.testng.internal.TestMethodWorker.run(TestMethodWorker.java:128)
at java.base/java.util.ArrayList.forEach(ArrayList.java:1511)
at org.testng.TestRunner.privateRun(TestRunner.java:794)
at org.testng.TestRunner.run(TestRunner.java:596)
at org.testng.SuiteRunner.runTest(SuiteRunner.java:377)
at org.testng.SuiteRunner.runSequentially(SuiteRunner.java:371)
at org.testng.SuiteRunner.privateRun(SuiteRunner.java:332)
at org.testng.SuiteRunner.run(SuiteRunner.java:276)
at org.testng.SuiteRunnerWorker.runSuite(SuiteRunnerWorker.java:53)
at org.testng.SuiteRunnerWorker.run(SuiteRunnerWorker.java:96)
at org.testng.TestNG.runSuitesSequentially(TestNG.java:1212)
at org.testng.TestNG.runSuitesLocally(TestNG.java:1134)
at org.testng.TestNG.runSuites(TestNG.java:1063)
at org.testng.TestNG.run(TestNG.java:1031)
at org.testng.remote.AbstractRemoteTestNG.run(AbstractRemoteTestNG.java:115)
at org.testng.remote.RemoteTestNG.initAndRun(RemoteTestNG.java:251)
at org.testng.remote.RemoteTestNG.main(RemoteTestNG.java:77)
]]>
            </full-stacktrace>
          </exception> <!-- org.openqa.selenium.NoSuchElementException -->
          <reporter-output>
          </reporter-output>
        </test-method> <!-- registerForFreeDemo -->
        <test-method is-config="true" signature="end()[pri:0, instance:com.myProject.TestCases.GetFreeDemoTest@22555ebf]" started-at="2021-12-19T14:32:50 IST" name="end" finished-at="2021-12-19T14:32:50 IST" duration-ms="674" status="PASS">
          <reporter-output>
          </reporter-output>
        </test-method> <!-- end -->
        <test-method is-config="true" signature="pageSetup(java.lang.String)[pri:0, instance:com.myProject.TestCases.GetFreeDemoTest@22555ebf]" started-at="2021-12-19T14:32:50 IST" name="pageSetup" finished-at="2021-12-19T14:32:59 IST" duration-ms="8704" status="PASS">
          <params>
            <param index="0">
              <value>
                <![CDATA[chrome]]>
              </value>
            </param>
          </params>
          <reporter-output>
          </reporter-output>
        </test-method> <!-- pageSetup -->
        <test-method signature="registerForFreeDemo(java.lang.String,java.lang.String,java.lang.String,int,java.lang.String,java.lang.String)[pri:2, instance:com.myProject.TestCases.GetFreeDemoTest@22555ebf]" started-at="2021-12-19T14:32:59 IST" name="registerForFreeDemo" data-provider="Fetchdata" finished-at="2021-12-19T14:33:11 IST" duration-ms="12287" status="FAIL">
          <params>
            <param index="0">
              <value>
                <![CDATA[pk]]>
              </value>
            </param>
            <param index="1">
              <value>
                <![CDATA[kd]]>
              </value>
            </param>
            <param index="2">
              <value>
                <![CDATA[abcd@gmail.com]]>
              </value>
            </param>
            <param index="3">
              <value>
                <![CDATA[1234657890]]>
              </value>
            </param>
            <param index="4">
              <value>
                <![CDATA[India]]>
              </value>
            </param>
            <param index="5">
              <value>
                <![CDATA[Maharashtra]]>
              </value>
            </param>
          </params>
          <exception class="org.openqa.selenium.NoSuchElementException">
            <message>
              <![CDATA[no such element: Unable to locate element: {"method":"xpath","selector":"/html/body/section[1]/div/div/div/div/div[2]/div/div/form/fieldset/div[5]/div/select"}
  (Session info: chrome=96.0.4664.110)
For documentation on this error, please visit: https://selenium.dev/exceptions/#no_such_element
Build info: version: '4.0.0', revision: '3a21814679'
System info: host: 'LSPL313-PC', ip: '192.168.106.84', os.name: 'Windows 10', os.arch: 'amd64', os.version: '10.0', java.version: '15.0.1'
Driver info: org.openqa.selenium.chrome.ChromeDriver
Command: [79f3113394358f199be4d17a746fd8b6, findElement {using=xpath, value=/html/body/section[1]/div/div/div/div/div[2]/div/div/form/fieldset/div[5]/div/select}]
Capabilities {acceptInsecureCerts: false, browserName: chrome, browserVersion: 96.0.4664.110, chrome: {chromedriverVersion: 95.0.4638.54 (d31a821ec901f..., userDataDir: C:\Users\LSPL313\AppData\Lo...}, goog:chromeOptions: {debuggerAddress: localhost:50909}, javascriptEnabled: true, networkConnectionEnabled: false, pageLoadStrategy: normal, platform: WINDOWS, platformName: WINDOWS, proxy: Proxy(), se:cdp: ws://localhost:50909/devtoo..., se:cdpVersion: 96.0.4664.110, setWindowRect: true, strictFileInteractability: false, timeouts: {implicit: 0, pageLoad: 300000, script: 30000}, unhandledPromptBehavior: dismiss and notify, webauthn:extension:credBlob: true, webauthn:extension:largeBlob: true, webauthn:virtualAuthenticators: true}
Session ID: 79f3113394358f199be4d17a746fd8b6]]>
            </message>
            <full-stacktrace>
              <![CDATA[org.openqa.selenium.NoSuchElementException: no such element: Unable to locate element: {"method":"xpath","selector":"/html/body/section[1]/div/div/div/div/div[2]/div/div/form/fieldset/div[5]/div/select"}
  (Session info: chrome=96.0.4664.110)
For documentation on this error, please visit: https://selenium.dev/exceptions/#no_such_element
Build info: version: '4.0.0', revision: '3a21814679'
System info: host: 'LSPL313-PC', ip: '192.168.106.84', os.name: 'Windows 10', os.arch: 'amd64', os.version: '10.0', java.version: '15.0.1'
Driver info: org.openqa.selenium.chrome.ChromeDriver
Command: [79f3113394358f199be4d17a746fd8b6, findElement {using=xpath, value=/html/body/section[1]/div/div/div/div/div[2]/div/div/form/fieldset/div[5]/div/select}]
Capabilities {acceptInsecureCerts: false, browserName: chrome, browserVersion: 96.0.4664.110, chrome: {chromedriverVersion: 95.0.4638.54 (d31a821ec901f..., userDataDir: C:\Users\LSPL313\AppData\Lo...}, goog:chromeOptions: {debuggerAddress: localhost:50909}, javascriptEnabled: true, networkConnectionEnabled: false, pageLoadStrategy: normal, platform: WINDOWS, platformName: WINDOWS, proxy: Proxy(), se:cdp: ws://localhost:50909/devtoo..., se:cdpVersion: 96.0.4664.110, setWindowRect: true, strictFileInteractability: false, timeouts: {implicit: 0, pageLoad: 300000, script: 30000}, unhandledPromptBehavior: dismiss and notify, webauthn:extension:credBlob: true, webauthn:extension:largeBlob: true, webauthn:virtualAuthenticators: true}
Session ID: 79f3113394358f199be4d17a746fd8b6
at java.base/jdk.internal.reflect.NativeConstructorAccessorImpl.newInstance0(Native Method)
at java.base/jdk.internal.reflect.NativeConstructorAccessorImpl.newInstance(NativeConstructorAccessorImpl.java:64)
at java.base/jdk.internal.reflect.DelegatingConstructorAccessorImpl.newInstance(DelegatingConstructorAccessorImpl.java:45)
at java.base/java.lang.reflect.Constructor.newInstanceWithCaller(Constructor.java:500)
at java.base/java.lang.reflect.Constructor.newInstance(Constructor.java:481)
at org.openqa.selenium.remote.codec.w3c.W3CHttpResponseCodec.createException(W3CHttpResponseCodec.java:200)
at org.openqa.selenium.remote.codec.w3c.W3CHttpResponseCodec.decode(W3CHttpResponseCodec.java:133)
at org.openqa.selenium.remote.codec.w3c.W3CHttpResponseCodec.decode(W3CHttpResponseCodec.java:53)
at org.openqa.selenium.remote.HttpCommandExecutor.execute(HttpCommandExecutor.java:184)
at org.openqa.selenium.remote.service.DriverCommandExecutor.invokeExecute(DriverCommandExecutor.java:164)
at org.openqa.selenium.remote.service.DriverCommandExecutor.execute(DriverCommandExecutor.java:139)
at org.openqa.selenium.remote.RemoteWebDriver.execute(RemoteWebDriver.java:559)
at org.openqa.selenium.remote.ElementLocation$ElementFinder$2.findElement(ElementLocation.java:162)
at org.openqa.selenium.remote.ElementLocation.findElement(ElementLocation.java:60)
at org.openqa.selenium.remote.RemoteWebDriver.findElement(RemoteWebDriver.java:383)
at org.openqa.selenium.remote.RemoteWebDriver.findElement(RemoteWebDriver.java:375)
at org.openqa.selenium.support.pagefactory.DefaultElementLocator.findElement(DefaultElementLocator.java:70)
at org.openqa.selenium.support.pagefactory.internal.LocatingElementHandler.invoke(LocatingElementHandler.java:39)
at com.sun.proxy.$Proxy22.sendKeys(Unknown Source)
at com.myProject.PageActionClass.GetFreeDemoPage.fillcountry(GetFreeDemoPage.java:86)
at com.myProject.TestCases.GetFreeDemoTest.registerForFreeDemo(GetFreeDemoTest.java:71)
at java.base/jdk.internal.reflect.NativeMethodAccessorImpl.invoke0(Native Method)
at java.base/jdk.internal.reflect.NativeMethodAccessorImpl.invoke(NativeMethodAccessorImpl.java:64)
at java.base/jdk.internal.reflect.DelegatingMethodAccessorImpl.invoke(DelegatingMethodAccessorImpl.java:43)
at java.base/java.lang.reflect.Method.invoke(Method.java:564)
at org.testng.internal.MethodInvocationHelper.invokeMethod(MethodInvocationHelper.java:133)
at org.testng.internal.TestInvoker.invokeMethod(TestInvoker.java:598)
at org.testng.internal.TestInvoker.invokeTestMethod(TestInvoker.java:173)
at org.testng.internal.MethodRunner.runInSequence(MethodRunner.java:46)
at org.testng.internal.TestInvoker$MethodInvocationAgent.invoke(TestInvoker.java:824)
at org.testng.internal.TestInvoker.invokeTestMethods(TestInvoker.java:146)
at org.testng.internal.TestMethodWorker.invokeTestMethods(TestMethodWorker.java:146)
at org.testng.internal.TestMethodWorker.run(TestMethodWorker.java:128)
at java.base/java.util.ArrayList.forEach(ArrayList.java:1511)
at org.testng.TestRunner.privateRun(TestRunner.java:794)
at org.testng.TestRunner.run(TestRunner.java:596)
at org.testng.SuiteRunner.runTest(SuiteRunner.java:377)
at org.testng.SuiteRunner.runSequentially(SuiteRunner.java:371)
at org.testng.SuiteRunner.privateRun(SuiteRunner.java:332)
at org.testng.SuiteRunner.run(SuiteRunner.java:276)
at org.testng.SuiteRunnerWorker.runSuite(SuiteRunnerWorker.java:53)
at org.testng.SuiteRunnerWorker.run(SuiteRunnerWorker.java:96)
at org.testng.TestNG.runSuitesSequentially(TestNG.java:1212)
at org.testng.TestNG.runSuitesLocally(TestNG.java:1134)
at org.testng.TestNG.runSuites(TestNG.java:1063)
at org.testng.TestNG.run(TestNG.java:1031)
at org.testng.remote.AbstractRemoteTestNG.run(AbstractRemoteTestNG.java:115)
at org.testng.remote.RemoteTestNG.initAndRun(RemoteTestNG.java:251)
at org.testng.remote.RemoteTestNG.main(RemoteTestNG.java:77)
]]>
            </full-stacktrace>
          </exception> <!-- org.openqa.selenium.NoSuchElementException -->
          <reporter-output>
          </reporter-output>
        </test-method> <!-- registerForFreeDemo -->
        <test-method is-config="true" signature="end()[pri:0, instance:com.myProject.TestCases.GetFreeDemoTest@22555ebf]" started-at="2021-12-19T14:33:11 IST" name="end" finished-at="2021-12-19T14:33:12 IST" duration-ms="694" status="PASS">
          <reporter-output>
          </reporter-output>
        </test-method> <!-- end -->
      </class> <!-- com.myProject.TestCases.GetFreeDemoTest -->
      <class name="com.myProject.TestCases.AboutPageCase">
        <test-method is-config="true" signature="pageSetup(java.lang.String)[pri:0, instance:com.myProject.TestCases.AboutPageCase@206a70ef]" started-at="2021-12-19T14:29:55 IST" name="pageSetup" finished-at="2021-12-19T14:30:06 IST" duration-ms="11700" status="PASS">
          <params>
            <param index="0">
              <value>
                <![CDATA[chrome]]>
              </value>
            </param>
          </params>
          <reporter-output>
          </reporter-output>
        </test-method> <!-- pageSetup -->
        <test-method signature="validateclickBtnGetFreeDemo()[pri:1, instance:com.myProject.TestCases.AboutPageCase@206a70ef]" started-at="2021-12-19T14:30:06 IST" name="validateclickBtnGetFreeDemo" finished-at="2021-12-19T14:30:23 IST" duration-ms="16955" status="FAIL">
          <exception class="org.openqa.selenium.NoSuchElementException">
            <message>
              <![CDATA[no such element: Unable to locate element: {"method":"xpath","selector":"//*[@id="demoRequest"]/div/div/div/div/div[1]/div/h3"}
  (Session info: chrome=96.0.4664.110)
For documentation on this error, please visit: https://selenium.dev/exceptions/#no_such_element
Build info: version: '4.0.0', revision: '3a21814679'
System info: host: 'LSPL313-PC', ip: '192.168.106.84', os.name: 'Windows 10', os.arch: 'amd64', os.version: '10.0', java.version: '15.0.1'
Driver info: org.openqa.selenium.chrome.ChromeDriver
Command: [ca801dd905de4ac4f26fde4f7d156956, findElement {using=xpath, value=//*[@id="demoRequest"]/div/div/div/div/div[1]/div/h3}]
Capabilities {acceptInsecureCerts: false, browserName: chrome, browserVersion: 96.0.4664.110, chrome: {chromedriverVersion: 95.0.4638.54 (d31a821ec901f..., userDataDir: C:\Users\LSPL313\AppData\Lo...}, goog:chromeOptions: {debuggerAddress: localhost:50202}, javascriptEnabled: true, networkConnectionEnabled: false, pageLoadStrategy: normal, platform: WINDOWS, platformName: WINDOWS, proxy: Proxy(), se:cdp: ws://localhost:50202/devtoo..., se:cdpVersion: 96.0.4664.110, setWindowRect: true, strictFileInteractability: false, timeouts: {implicit: 0, pageLoad: 300000, script: 30000}, unhandledPromptBehavior: dismiss and notify, webauthn:extension:credBlob: true, webauthn:extension:largeBlob: true, webauthn:virtualAuthenticators: true}
Session ID: ca801dd905de4ac4f26fde4f7d156956]]>
            </message>
            <full-stacktrace>
              <![CDATA[org.openqa.selenium.NoSuchElementException: no such element: Unable to locate element: {"method":"xpath","selector":"//*[@id="demoRequest"]/div/div/div/div/div[1]/div/h3"}
  (Session info: chrome=96.0.4664.110)
For documentation on this error, please visit: https://selenium.dev/exceptions/#no_such_element
Build info: version: '4.0.0', revision: '3a21814679'
System info: host: 'LSPL313-PC', ip: '192.168.106.84', os.name: 'Windows 10', os.arch: 'amd64', os.version: '10.0', java.version: '15.0.1'
Driver info: org.openqa.selenium.chrome.ChromeDriver
Command: [ca801dd905de4ac4f26fde4f7d156956, findElement {using=xpath, value=//*[@id="demoRequest"]/div/div/div/div/div[1]/div/h3}]
Capabilities {acceptInsecureCerts: false, browserName: chrome, browserVersion: 96.0.4664.110, chrome: {chromedriverVersion: 95.0.4638.54 (d31a821ec901f..., userDataDir: C:\Users\LSPL313\AppData\Lo...}, goog:chromeOptions: {debuggerAddress: localhost:50202}, javascriptEnabled: true, networkConnectionEnabled: false, pageLoadStrategy: normal, platform: WINDOWS, platformName: WINDOWS, proxy: Proxy(), se:cdp: ws://localhost:50202/devtoo..., se:cdpVersion: 96.0.4664.110, setWindowRect: true, strictFileInteractability: false, timeouts: {implicit: 0, pageLoad: 300000, script: 30000}, unhandledPromptBehavior: dismiss and notify, webauthn:extension:credBlob: true, webauthn:extension:largeBlob: true, webauthn:virtualAuthenticators: true}
Session ID: ca801dd905de4ac4f26fde4f7d156956
at java.base/jdk.internal.reflect.NativeConstructorAccessorImpl.newInstance0(Native Method)
at java.base/jdk.internal.reflect.NativeConstructorAccessorImpl.newInstance(NativeConstructorAccessorImpl.java:64)
at java.base/jdk.internal.reflect.DelegatingConstructorAccessorImpl.newInstance(DelegatingConstructorAccessorImpl.java:45)
at java.base/java.lang.reflect.Constructor.newInstanceWithCaller(Constructor.java:500)
at java.base/java.lang.reflect.Constructor.newInstance(Constructor.java:481)
at org.openqa.selenium.remote.codec.w3c.W3CHttpResponseCodec.createException(W3CHttpResponseCodec.java:200)
at org.openqa.selenium.remote.codec.w3c.W3CHttpResponseCodec.decode(W3CHttpResponseCodec.java:133)
at org.openqa.selenium.remote.codec.w3c.W3CHttpResponseCodec.decode(W3CHttpResponseCodec.java:53)
at org.openqa.selenium.remote.HttpCommandExecutor.execute(HttpCommandExecutor.java:184)
at org.openqa.selenium.remote.service.DriverCommandExecutor.invokeExecute(DriverCommandExecutor.java:164)
at org.openqa.selenium.remote.service.DriverCommandExecutor.execute(DriverCommandExecutor.java:139)
at org.openqa.selenium.remote.RemoteWebDriver.execute(RemoteWebDriver.java:559)
at org.openqa.selenium.remote.ElementLocation$ElementFinder$2.findElement(ElementLocation.java:162)
at org.openqa.selenium.remote.ElementLocation.findElement(ElementLocation.java:60)
at org.openqa.selenium.remote.RemoteWebDriver.findElement(RemoteWebDriver.java:383)
at org.openqa.selenium.remote.RemoteWebDriver.findElement(RemoteWebDriver.java:375)
at org.openqa.selenium.support.pagefactory.DefaultElementLocator.findElement(DefaultElementLocator.java:70)
at org.openqa.selenium.support.pagefactory.internal.LocatingElementHandler.invoke(LocatingElementHandler.java:39)
at com.sun.proxy.$Proxy22.isDisplayed(Unknown Source)
at com.myProject.PageActionClass.AboutPage.clickBtnGetFreeDemo(AboutPage.java:74)
at com.myProject.TestCases.AboutPageCase.validateclickBtnGetFreeDemo(AboutPageCase.java:37)
at java.base/jdk.internal.reflect.NativeMethodAccessorImpl.invoke0(Native Method)
at java.base/jdk.internal.reflect.NativeMethodAccessorImpl.invoke(NativeMethodAccessorImpl.java:64)
at java.base/jdk.internal.reflect.DelegatingMethodAccessorImpl.invoke(DelegatingMethodAccessorImpl.java:43)
at java.base/java.lang.reflect.Method.invoke(Method.java:564)
at org.testng.internal.MethodInvocationHelper.invokeMethod(MethodInvocationHelper.java:133)
at org.testng.internal.TestInvoker.invokeMethod(TestInvoker.java:598)
at org.testng.internal.TestInvoker.invokeTestMethod(TestInvoker.java:173)
at org.testng.internal.MethodRunner.runInSequence(MethodRunner.java:46)
at org.testng.internal.TestInvoker$MethodInvocationAgent.invoke(TestInvoker.java:824)
at org.testng.internal.TestInvoker.invokeTestMethods(TestInvoker.java:146)
at org.testng.internal.TestMethodWorker.invokeTestMethods(TestMethodWorker.java:146)
at org.testng.internal.TestMethodWorker.run(TestMethodWorker.java:128)
at java.base/java.util.ArrayList.forEach(ArrayList.java:1511)
at org.testng.TestRunner.privateRun(TestRunner.java:794)
at org.testng.TestRunner.run(TestRunner.java:596)
at org.testng.SuiteRunner.runTest(SuiteRunner.java:377)
at org.testng.SuiteRunner.runSequentially(SuiteRunner.java:371)
at org.testng.SuiteRunner.privateRun(SuiteRunner.java:332)
at org.testng.SuiteRunner.run(SuiteRunner.java:276)
at org.testng.SuiteRunnerWorker.runSuite(SuiteRunnerWorker.java:53)
at org.testng.SuiteRunnerWorker.run(SuiteRunnerWorker.java:96)
at org.testng.TestNG.runSuitesSequentially(TestNG.java:1212)
at org.testng.TestNG.runSuitesLocally(TestNG.java:1134)
at org.testng.TestNG.runSuites(TestNG.java:1063)
at org.testng.TestNG.run(TestNG.java:1031)
at org.testng.remote.AbstractRemoteTestNG.run(AbstractRemoteTestNG.java:115)
at org.testng.remote.RemoteTestNG.initAndRun(RemoteTestNG.java:251)
at org.testng.remote.RemoteTestNG.main(RemoteTestNG.java:77)
]]>
            </full-stacktrace>
          </exception> <!-- org.openqa.selenium.NoSuchElementException -->
          <reporter-output>
          </reporter-output>
        </test-method> <!-- validateclickBtnGetFreeDemo -->
        <test-method is-config="true" signature="end()[pri:0, instance:com.myProject.TestCases.AboutPageCase@206a70ef]" started-at="2021-12-19T14:30:23 IST" name="end" finished-at="2021-12-19T14:30:25 IST" duration-ms="1305" status="PASS">
          <reporter-output>
          </reporter-output>
        </test-method> <!-- end -->
        <test-method is-config="true" signature="pageSetup(java.lang.String)[pri:0, instance:com.myProject.TestCases.AboutPageCase@206a70ef]" started-at="2021-12-19T14:30:25 IST" name="pageSetup" finished-at="2021-12-19T14:30:37 IST" duration-ms="12315" status="PASS">
          <params>
            <param index="0">
              <value>
                <![CDATA[chrome]]>
              </value>
            </param>
          </params>
          <reporter-output>
          </reporter-output>
        </test-method> <!-- pageSetup -->
        <test-method signature="validateclickBtnPeopleMgmt()[pri:2, instance:com.myProject.TestCases.AboutPageCase@206a70ef]" started-at="2021-12-19T14:30:37 IST" name="validateclickBtnPeopleMgmt" finished-at="2021-12-19T14:30:43 IST" duration-ms="6240" status="PASS">
          <reporter-output>
          </reporter-output>
        </test-method> <!-- validateclickBtnPeopleMgmt -->
        <test-method is-config="true" signature="end()[pri:0, instance:com.myProject.TestCases.AboutPageCase@206a70ef]" started-at="2021-12-19T14:30:43 IST" name="end" finished-at="2021-12-19T14:30:44 IST" duration-ms="784" status="PASS">
          <reporter-output>
          </reporter-output>
        </test-method> <!-- end -->
        <test-method is-config="true" signature="pageSetup(java.lang.String)[pri:0, instance:com.myProject.TestCases.AboutPageCase@206a70ef]" started-at="2021-12-19T14:30:44 IST" name="pageSetup" finished-at="2021-12-19T14:30:54 IST" duration-ms="9796" status="PASS">
          <params>
            <param index="0">
              <value>
                <![CDATA[chrome]]>
              </value>
            </param>
          </params>
          <reporter-output>
          </reporter-output>
        </test-method> <!-- pageSetup -->
        <test-method signature="validateclickbtngetFreeDemo()[pri:3, instance:com.myProject.TestCases.AboutPageCase@206a70ef]" started-at="2021-12-19T14:30:54 IST" name="validateclickbtngetFreeDemo" finished-at="2021-12-19T14:31:09 IST" duration-ms="14799" status="FAIL">
          <exception class="org.openqa.selenium.NoSuchElementException">
            <message>
              <![CDATA[no such element: Unable to locate element: {"method":"xpath","selector":"//*[@id="demoRequest"]/div/div/div/div/div[1]/div/h3"}
  (Session info: chrome=96.0.4664.110)
For documentation on this error, please visit: https://selenium.dev/exceptions/#no_such_element
Build info: version: '4.0.0', revision: '3a21814679'
System info: host: 'LSPL313-PC', ip: '192.168.106.84', os.name: 'Windows 10', os.arch: 'amd64', os.version: '10.0', java.version: '15.0.1'
Driver info: org.openqa.selenium.chrome.ChromeDriver
Command: [2906e427528c62723a04f955b2a77d13, findElement {using=xpath, value=//*[@id="demoRequest"]/div/div/div/div/div[1]/div/h3}]
Capabilities {acceptInsecureCerts: false, browserName: chrome, browserVersion: 96.0.4664.110, chrome: {chromedriverVersion: 95.0.4638.54 (d31a821ec901f..., userDataDir: C:\Users\LSPL313\AppData\Lo...}, goog:chromeOptions: {debuggerAddress: localhost:50366}, javascriptEnabled: true, networkConnectionEnabled: false, pageLoadStrategy: normal, platform: WINDOWS, platformName: WINDOWS, proxy: Proxy(), se:cdp: ws://localhost:50366/devtoo..., se:cdpVersion: 96.0.4664.110, setWindowRect: true, strictFileInteractability: false, timeouts: {implicit: 0, pageLoad: 300000, script: 30000}, unhandledPromptBehavior: dismiss and notify, webauthn:extension:credBlob: true, webauthn:extension:largeBlob: true, webauthn:virtualAuthenticators: true}
Session ID: 2906e427528c62723a04f955b2a77d13]]>
            </message>
            <full-stacktrace>
              <![CDATA[org.openqa.selenium.NoSuchElementException: no such element: Unable to locate element: {"method":"xpath","selector":"//*[@id="demoRequest"]/div/div/div/div/div[1]/div/h3"}
  (Session info: chrome=96.0.4664.110)
For documentation on this error, please visit: https://selenium.dev/exceptions/#no_such_element
Build info: version: '4.0.0', revision: '3a21814679'
System info: host: 'LSPL313-PC', ip: '192.168.106.84', os.name: 'Windows 10', os.arch: 'amd64', os.version: '10.0', java.version: '15.0.1'
Driver info: org.openqa.selenium.chrome.ChromeDriver
Command: [2906e427528c62723a04f955b2a77d13, findElement {using=xpath, value=//*[@id="demoRequest"]/div/div/div/div/div[1]/div/h3}]
Capabilities {acceptInsecureCerts: false, browserName: chrome, browserVersion: 96.0.4664.110, chrome: {chromedriverVersion: 95.0.4638.54 (d31a821ec901f..., userDataDir: C:\Users\LSPL313\AppData\Lo...}, goog:chromeOptions: {debuggerAddress: localhost:50366}, javascriptEnabled: true, networkConnectionEnabled: false, pageLoadStrategy: normal, platform: WINDOWS, platformName: WINDOWS, proxy: Proxy(), se:cdp: ws://localhost:50366/devtoo..., se:cdpVersion: 96.0.4664.110, setWindowRect: true, strictFileInteractability: false, timeouts: {implicit: 0, pageLoad: 300000, script: 30000}, unhandledPromptBehavior: dismiss and notify, webauthn:extension:credBlob: true, webauthn:extension:largeBlob: true, webauthn:virtualAuthenticators: true}
Session ID: 2906e427528c62723a04f955b2a77d13
at java.base/jdk.internal.reflect.NativeConstructorAccessorImpl.newInstance0(Native Method)
at java.base/jdk.internal.reflect.NativeConstructorAccessorImpl.newInstance(NativeConstructorAccessorImpl.java:64)
at java.base/jdk.internal.reflect.DelegatingConstructorAccessorImpl.newInstance(DelegatingConstructorAccessorImpl.java:45)
at java.base/java.lang.reflect.Constructor.newInstanceWithCaller(Constructor.java:500)
at java.base/java.lang.reflect.Constructor.newInstance(Constructor.java:481)
at org.openqa.selenium.remote.codec.w3c.W3CHttpResponseCodec.createException(W3CHttpResponseCodec.java:200)
at org.openqa.selenium.remote.codec.w3c.W3CHttpResponseCodec.decode(W3CHttpResponseCodec.java:133)
at org.openqa.selenium.remote.codec.w3c.W3CHttpResponseCodec.decode(W3CHttpResponseCodec.java:53)
at org.openqa.selenium.remote.HttpCommandExecutor.execute(HttpCommandExecutor.java:184)
at org.openqa.selenium.remote.service.DriverCommandExecutor.invokeExecute(DriverCommandExecutor.java:164)
at org.openqa.selenium.remote.service.DriverCommandExecutor.execute(DriverCommandExecutor.java:139)
at org.openqa.selenium.remote.RemoteWebDriver.execute(RemoteWebDriver.java:559)
at org.openqa.selenium.remote.ElementLocation$ElementFinder$2.findElement(ElementLocation.java:162)
at org.openqa.selenium.remote.ElementLocation.findElement(ElementLocation.java:60)
at org.openqa.selenium.remote.RemoteWebDriver.findElement(RemoteWebDriver.java:383)
at org.openqa.selenium.remote.RemoteWebDriver.findElement(RemoteWebDriver.java:375)
at org.openqa.selenium.support.pagefactory.DefaultElementLocator.findElement(DefaultElementLocator.java:70)
at org.openqa.selenium.support.pagefactory.internal.LocatingElementHandler.invoke(LocatingElementHandler.java:39)
at com.sun.proxy.$Proxy22.isDisplayed(Unknown Source)
at com.myProject.PageActionClass.AboutPage.clickbtngetFreeDemo(AboutPage.java:99)
at com.myProject.TestCases.AboutPageCase.validateclickbtngetFreeDemo(AboutPageCase.java:55)
at java.base/jdk.internal.reflect.NativeMethodAccessorImpl.invoke0(Native Method)
at java.base/jdk.internal.reflect.NativeMethodAccessorImpl.invoke(NativeMethodAccessorImpl.java:64)
at java.base/jdk.internal.reflect.DelegatingMethodAccessorImpl.invoke(DelegatingMethodAccessorImpl.java:43)
at java.base/java.lang.reflect.Method.invoke(Method.java:564)
at org.testng.internal.MethodInvocationHelper.invokeMethod(MethodInvocationHelper.java:133)
at org.testng.internal.TestInvoker.invokeMethod(TestInvoker.java:598)
at org.testng.internal.TestInvoker.invokeTestMethod(TestInvoker.java:173)
at org.testng.internal.MethodRunner.runInSequence(MethodRunner.java:46)
at org.testng.internal.TestInvoker$MethodInvocationAgent.invoke(TestInvoker.java:824)
at org.testng.internal.TestInvoker.invokeTestMethods(TestInvoker.java:146)
at org.testng.internal.TestMethodWorker.invokeTestMethods(TestMethodWorker.java:146)
at org.testng.internal.TestMethodWorker.run(TestMethodWorker.java:128)
at java.base/java.util.ArrayList.forEach(ArrayList.java:1511)
at org.testng.TestRunner.privateRun(TestRunner.java:794)
at org.testng.TestRunner.run(TestRunner.java:596)
at org.testng.SuiteRunner.runTest(SuiteRunner.java:377)
at org.testng.SuiteRunner.runSequentially(SuiteRunner.java:371)
at org.testng.SuiteRunner.privateRun(SuiteRunner.java:332)
at org.testng.SuiteRunner.run(SuiteRunner.java:276)
at org.testng.SuiteRunnerWorker.runSuite(SuiteRunnerWorker.java:53)
at org.testng.SuiteRunnerWorker.run(SuiteRunnerWorker.java:96)
at org.testng.TestNG.runSuitesSequentially(TestNG.java:1212)
at org.testng.TestNG.runSuitesLocally(TestNG.java:1134)
at org.testng.TestNG.runSuites(TestNG.java:1063)
at org.testng.TestNG.run(TestNG.java:1031)
at org.testng.remote.AbstractRemoteTestNG.run(AbstractRemoteTestNG.java:115)
at org.testng.remote.RemoteTestNG.initAndRun(RemoteTestNG.java:251)
at org.testng.remote.RemoteTestNG.main(RemoteTestNG.java:77)
]]>
            </full-stacktrace>
          </exception> <!-- org.openqa.selenium.NoSuchElementException -->
          <reporter-output>
          </reporter-output>
        </test-method> <!-- validateclickbtngetFreeDemo -->
        <test-method is-config="true" signature="end()[pri:0, instance:com.myProject.TestCases.AboutPageCase@206a70ef]" started-at="2021-12-19T14:31:09 IST" name="end" finished-at="2021-12-19T14:31:09 IST" duration-ms="724" status="PASS">
          <reporter-output>
          </reporter-output>
        </test-method> <!-- end -->
        <test-method is-config="true" signature="pageSetup(java.lang.String)[pri:0, instance:com.myProject.TestCases.AboutPageCase@206a70ef]" started-at="2021-12-19T14:31:09 IST" name="pageSetup" finished-at="2021-12-19T14:31:17 IST" duration-ms="7344" status="PASS">
          <params>
            <param index="0">
              <value>
                <![CDATA[chrome]]>
              </value>
            </param>
          </params>
          <reporter-output>
          </reporter-output>
        </test-method> <!-- pageSetup -->
        <test-method signature="validateclickBtnCompensastion()[pri:4, instance:com.myProject.TestCases.AboutPageCase@206a70ef]" started-at="2021-12-19T14:31:17 IST" name="validateclickBtnCompensastion" finished-at="2021-12-19T14:31:22 IST" duration-ms="5617" status="PASS">
          <reporter-output>
          </reporter-output>
        </test-method> <!-- validateclickBtnCompensastion -->
        <test-method is-config="true" signature="end()[pri:0, instance:com.myProject.TestCases.AboutPageCase@206a70ef]" started-at="2021-12-19T14:31:22 IST" name="end" finished-at="2021-12-19T14:31:23 IST" duration-ms="730" status="PASS">
          <reporter-output>
          </reporter-output>
        </test-method> <!-- end -->
        <test-method is-config="true" signature="pageSetup(java.lang.String)[pri:0, instance:com.myProject.TestCases.AboutPageCase@206a70ef]" started-at="2021-12-19T14:31:23 IST" name="pageSetup" finished-at="2021-12-19T14:31:31 IST" duration-ms="8336" status="PASS">
          <params>
            <param index="0">
              <value>
                <![CDATA[chrome]]>
              </value>
            </param>
          </params>
          <reporter-output>
          </reporter-output>
        </test-method> <!-- pageSetup -->
        <test-method signature="validateclickbtnTalentMgmt()[pri:5, instance:com.myProject.TestCases.AboutPageCase@206a70ef]" started-at="2021-12-19T14:31:31 IST" name="validateclickbtnTalentMgmt" finished-at="2021-12-19T14:31:37 IST" duration-ms="5331" status="PASS">
          <reporter-output>
          </reporter-output>
        </test-method> <!-- validateclickbtnTalentMgmt -->
        <test-method is-config="true" signature="end()[pri:0, instance:com.myProject.TestCases.AboutPageCase@206a70ef]" started-at="2021-12-19T14:31:37 IST" name="end" finished-at="2021-12-19T14:31:37 IST" duration-ms="835" status="PASS">
          <reporter-output>
          </reporter-output>
        </test-method> <!-- end -->
        <test-method is-config="true" signature="pageSetup(java.lang.String)[pri:0, instance:com.myProject.TestCases.AboutPageCase@206a70ef]" started-at="2021-12-19T14:31:37 IST" name="pageSetup" finished-at="2021-12-19T14:31:47 IST" duration-ms="9730" status="PASS">
          <params>
            <param index="0">
              <value>
                <![CDATA[chrome]]>
              </value>
            </param>
          </params>
          <reporter-output>
          </reporter-output>
        </test-method> <!-- pageSetup -->
        <test-method signature="validateclickbtnCulture()[pri:6, instance:com.myProject.TestCases.AboutPageCase@206a70ef]" started-at="2021-12-19T14:31:47 IST" name="validateclickbtnCulture" finished-at="2021-12-19T14:31:53 IST" duration-ms="5292" status="PASS">
          <reporter-output>
          </reporter-output>
        </test-method> <!-- validateclickbtnCulture -->
        <test-method is-config="true" signature="end()[pri:0, instance:com.myProject.TestCases.AboutPageCase@206a70ef]" started-at="2021-12-19T14:31:53 IST" name="end" finished-at="2021-12-19T14:31:53 IST" duration-ms="895" status="PASS">
          <reporter-output>
          </reporter-output>
        </test-method> <!-- end -->
      </class> <!-- com.myProject.TestCases.AboutPageCase -->
      <class name="com.myProject.TestCases.HomePageCase">
        <test-method is-config="true" signature="startSuite()[pri:0, instance:com.myProject.TestCases.HomePageCase@776aec5c]" started-at="2021-12-19T14:19:42 IST" name="startSuite" finished-at="2021-12-19T14:19:43 IST" duration-ms="376" status="PASS">
          <reporter-output>
          </reporter-output>
        </test-method> <!-- startSuite -->
        <test-method is-config="true" signature="pageSetup(java.lang.String)[pri:0, instance:com.myProject.TestCases.HomePageCase@776aec5c]" started-at="2021-12-19T14:19:43 IST" name="pageSetup" finished-at="2021-12-19T14:20:01 IST" duration-ms="17966" status="PASS">
          <params>
            <param index="0">
              <value>
                <![CDATA[chrome]]>
              </value>
            </param>
          </params>
          <reporter-output>
          </reporter-output>
        </test-method> <!-- pageSetup -->
        <test-method signature="validatePageTitle()[pri:1, instance:com.myProject.TestCases.HomePageCase@776aec5c]" started-at="2021-12-19T14:20:01 IST" name="validatePageTitle" finished-at="2021-12-19T14:20:01 IST" duration-ms="106" status="PASS">
          <reporter-output>
          </reporter-output>
        </test-method> <!-- validatePageTitle -->
        <test-method is-config="true" signature="end()[pri:0, instance:com.myProject.TestCases.HomePageCase@776aec5c]" started-at="2021-12-19T14:20:01 IST" name="end" finished-at="2021-12-19T14:20:02 IST" duration-ms="788" status="PASS">
          <reporter-output>
          </reporter-output>
        </test-method> <!-- end -->
        <test-method is-config="true" signature="pageSetup(java.lang.String)[pri:0, instance:com.myProject.TestCases.HomePageCase@776aec5c]" started-at="2021-12-19T14:20:02 IST" name="pageSetup" finished-at="2021-12-19T14:20:18 IST" duration-ms="16452" status="PASS">
          <params>
            <param index="0">
              <value>
                <![CDATA[chrome]]>
              </value>
            </param>
          </params>
          <reporter-output>
          </reporter-output>
        </test-method> <!-- pageSetup -->
        <test-method signature="validateLogo()[pri:2, instance:com.myProject.TestCases.HomePageCase@776aec5c]" started-at="2021-12-19T14:20:18 IST" name="validateLogo" finished-at="2021-12-19T14:20:18 IST" depends-on-methods="com.myProject.TestCases.HomePageCase.validatePageTitle" duration-ms="223" status="PASS">
          <reporter-output>
          </reporter-output>
        </test-method> <!-- validateLogo -->
        <test-method is-config="true" signature="end()[pri:0, instance:com.myProject.TestCases.HomePageCase@776aec5c]" started-at="2021-12-19T14:20:18 IST" name="end" finished-at="2021-12-19T14:20:19 IST" duration-ms="849" status="PASS">
          <reporter-output>
          </reporter-output>
        </test-method> <!-- end -->
        <test-method is-config="true" signature="pageSetup(java.lang.String)[pri:0, instance:com.myProject.TestCases.HomePageCase@776aec5c]" started-at="2021-12-19T14:20:20 IST" name="pageSetup" finished-at="2021-12-19T14:21:25 IST" duration-ms="64622" status="PASS">
          <params>
            <param index="0">
              <value>
                <![CDATA[chrome]]>
              </value>
            </param>
          </params>
          <reporter-output>
          </reporter-output>
        </test-method> <!-- pageSetup -->
        <test-method signature="validateFNFreeTrailButton(java.lang.String,java.lang.String)[pri:3, instance:com.myProject.TestCases.HomePageCase@776aec5c]" started-at="2021-12-19T14:21:25 IST" name="validateFNFreeTrailButton" data-provider="FetchEmail" finished-at="2021-12-19T14:21:35 IST" duration-ms="10100" status="FAIL">
          <params>
            <param index="0">
              <value>
                <![CDATA[abc]]>
              </value>
            </param>
            <param index="1">
              <value>
                <![CDATA[abc@gmail.com]]>
              </value>
            </param>
          </params>
          <exception class="org.openqa.selenium.NoSuchElementException">
            <message>
              <![CDATA[no such element: Unable to locate element: {"method":"xpath","selector":"//*[@id='myText']"}
  (Session info: chrome=96.0.4664.110)
For documentation on this error, please visit: https://selenium.dev/exceptions/#no_such_element
Build info: version: '4.0.0', revision: '3a21814679'
System info: host: 'LSPL313-PC', ip: '192.168.106.84', os.name: 'Windows 10', os.arch: 'amd64', os.version: '10.0', java.version: '15.0.1'
Driver info: org.openqa.selenium.chrome.ChromeDriver
Command: [f67e7c028b5dfabf6d1505eca38ab773, findElement {using=xpath, value=//*[@id='myText']}]
Capabilities {acceptInsecureCerts: false, browserName: chrome, browserVersion: 96.0.4664.110, chrome: {chromedriverVersion: 95.0.4638.54 (d31a821ec901f..., userDataDir: C:\Users\LSPL313\AppData\Lo...}, goog:chromeOptions: {debuggerAddress: localhost:64601}, javascriptEnabled: true, networkConnectionEnabled: false, pageLoadStrategy: normal, platform: WINDOWS, platformName: WINDOWS, proxy: Proxy(), se:cdp: ws://localhost:64601/devtoo..., se:cdpVersion: 96.0.4664.110, setWindowRect: true, strictFileInteractability: false, timeouts: {implicit: 0, pageLoad: 300000, script: 30000}, unhandledPromptBehavior: dismiss and notify, webauthn:extension:credBlob: true, webauthn:extension:largeBlob: true, webauthn:virtualAuthenticators: true}
Session ID: f67e7c028b5dfabf6d1505eca38ab773]]>
            </message>
            <full-stacktrace>
              <![CDATA[org.openqa.selenium.NoSuchElementException: no such element: Unable to locate element: {"method":"xpath","selector":"//*[@id='myText']"}
  (Session info: chrome=96.0.4664.110)
For documentation on this error, please visit: https://selenium.dev/exceptions/#no_such_element
Build info: version: '4.0.0', revision: '3a21814679'
System info: host: 'LSPL313-PC', ip: '192.168.106.84', os.name: 'Windows 10', os.arch: 'amd64', os.version: '10.0', java.version: '15.0.1'
Driver info: org.openqa.selenium.chrome.ChromeDriver
Command: [f67e7c028b5dfabf6d1505eca38ab773, findElement {using=xpath, value=//*[@id='myText']}]
Capabilities {acceptInsecureCerts: false, browserName: chrome, browserVersion: 96.0.4664.110, chrome: {chromedriverVersion: 95.0.4638.54 (d31a821ec901f..., userDataDir: C:\Users\LSPL313\AppData\Lo...}, goog:chromeOptions: {debuggerAddress: localhost:64601}, javascriptEnabled: true, networkConnectionEnabled: false, pageLoadStrategy: normal, platform: WINDOWS, platformName: WINDOWS, proxy: Proxy(), se:cdp: ws://localhost:64601/devtoo..., se:cdpVersion: 96.0.4664.110, setWindowRect: true, strictFileInteractability: false, timeouts: {implicit: 0, pageLoad: 300000, script: 30000}, unhandledPromptBehavior: dismiss and notify, webauthn:extension:credBlob: true, webauthn:extension:largeBlob: true, webauthn:virtualAuthenticators: true}
Session ID: f67e7c028b5dfabf6d1505eca38ab773
at java.base/jdk.internal.reflect.NativeConstructorAccessorImpl.newInstance0(Native Method)
at java.base/jdk.internal.reflect.NativeConstructorAccessorImpl.newInstance(NativeConstructorAccessorImpl.java:64)
at java.base/jdk.internal.reflect.DelegatingConstructorAccessorImpl.newInstance(DelegatingConstructorAccessorImpl.java:45)
at java.base/java.lang.reflect.Constructor.newInstanceWithCaller(Constructor.java:500)
at java.base/java.lang.reflect.Constructor.newInstance(Constructor.java:481)
at org.openqa.selenium.remote.codec.w3c.W3CHttpResponseCodec.createException(W3CHttpResponseCodec.java:200)
at org.openqa.selenium.remote.codec.w3c.W3CHttpResponseCodec.decode(W3CHttpResponseCodec.java:133)
at org.openqa.selenium.remote.codec.w3c.W3CHttpResponseCodec.decode(W3CHttpResponseCodec.java:53)
at org.openqa.selenium.remote.HttpCommandExecutor.execute(HttpCommandExecutor.java:184)
at org.openqa.selenium.remote.service.DriverCommandExecutor.invokeExecute(DriverCommandExecutor.java:164)
at org.openqa.selenium.remote.service.DriverCommandExecutor.execute(DriverCommandExecutor.java:139)
at org.openqa.selenium.remote.RemoteWebDriver.execute(RemoteWebDriver.java:559)
at org.openqa.selenium.remote.ElementLocation$ElementFinder$2.findElement(ElementLocation.java:162)
at org.openqa.selenium.remote.ElementLocation.findElement(ElementLocation.java:60)
at org.openqa.selenium.remote.RemoteWebDriver.findElement(RemoteWebDriver.java:383)
at org.openqa.selenium.remote.RemoteWebDriver.findElement(RemoteWebDriver.java:375)
at org.openqa.selenium.support.pagefactory.DefaultElementLocator.findElement(DefaultElementLocator.java:70)
at org.openqa.selenium.support.pagefactory.internal.LocatingElementHandler.invoke(LocatingElementHandler.java:39)
at com.sun.proxy.$Proxy22.sendKeys(Unknown Source)
at com.myProject.PageActionClass.HomePage.fnGetTrail(HomePage.java:129)
at com.myProject.TestCases.HomePageCase.validateFNFreeTrailButton(HomePageCase.java:76)
at java.base/jdk.internal.reflect.NativeMethodAccessorImpl.invoke0(Native Method)
at java.base/jdk.internal.reflect.NativeMethodAccessorImpl.invoke(NativeMethodAccessorImpl.java:64)
at java.base/jdk.internal.reflect.DelegatingMethodAccessorImpl.invoke(DelegatingMethodAccessorImpl.java:43)
at java.base/java.lang.reflect.Method.invoke(Method.java:564)
at org.testng.internal.MethodInvocationHelper.invokeMethod(MethodInvocationHelper.java:133)
at org.testng.internal.TestInvoker.invokeMethod(TestInvoker.java:598)
at org.testng.internal.TestInvoker.invokeTestMethod(TestInvoker.java:173)
at org.testng.internal.MethodRunner.runInSequence(MethodRunner.java:46)
at org.testng.internal.TestInvoker$MethodInvocationAgent.invoke(TestInvoker.java:824)
at org.testng.internal.TestInvoker.invokeTestMethods(TestInvoker.java:146)
at org.testng.internal.TestMethodWorker.invokeTestMethods(TestMethodWorker.java:146)
at org.testng.internal.TestMethodWorker.run(TestMethodWorker.java:128)
at java.base/java.util.ArrayList.forEach(ArrayList.java:1511)
at org.testng.TestRunner.privateRun(TestRunner.java:794)
at org.testng.TestRunner.run(TestRunner.java:596)
at org.testng.SuiteRunner.runTest(SuiteRunner.java:377)
at org.testng.SuiteRunner.runSequentially(SuiteRunner.java:371)
at org.testng.SuiteRunner.privateRun(SuiteRunner.java:332)
at org.testng.SuiteRunner.run(SuiteRunner.java:276)
at org.testng.SuiteRunnerWorker.runSuite(SuiteRunnerWorker.java:53)
at org.testng.SuiteRunnerWorker.run(SuiteRunnerWorker.java:96)
at org.testng.TestNG.runSuitesSequentially(TestNG.java:1212)
at org.testng.TestNG.runSuitesLocally(TestNG.java:1134)
at org.testng.TestNG.runSuites(TestNG.java:1063)
at org.testng.TestNG.run(TestNG.java:1031)
at org.testng.remote.AbstractRemoteTestNG.run(AbstractRemoteTestNG.java:115)
at org.testng.remote.RemoteTestNG.initAndRun(RemoteTestNG.java:251)
at org.testng.remote.RemoteTestNG.main(RemoteTestNG.java:77)
]]>
            </full-stacktrace>
          </exception> <!-- org.openqa.selenium.NoSuchElementException -->
          <reporter-output>
          </reporter-output>
        </test-method> <!-- validateFNFreeTrailButton -->
        <test-method is-config="true" signature="end()[pri:0, instance:com.myProject.TestCases.HomePageCase@776aec5c]" started-at="2021-12-19T14:21:35 IST" name="end" finished-at="2021-12-19T14:21:36 IST" duration-ms="806" status="PASS">
          <reporter-output>
          </reporter-output>
        </test-method> <!-- end -->
        <test-method is-config="true" signature="pageSetup(java.lang.String)[pri:0, instance:com.myProject.TestCases.HomePageCase@776aec5c]" started-at="2021-12-19T14:21:36 IST" name="pageSetup" finished-at="2021-12-19T14:23:42 IST" duration-ms="126095" status="PASS">
          <params>
            <param index="0">
              <value>
                <![CDATA[chrome]]>
              </value>
            </param>
          </params>
          <reporter-output>
          </reporter-output>
        </test-method> <!-- pageSetup -->
        <test-method signature="validateFNFreeTrailButton(java.lang.String,java.lang.String)[pri:3, instance:com.myProject.TestCases.HomePageCase@776aec5c]" started-at="2021-12-19T14:23:42 IST" name="validateFNFreeTrailButton" data-provider="FetchEmail" finished-at="2021-12-19T14:23:50 IST" duration-ms="7804" status="PASS">
          <params>
            <param index="0">
              <value>
                <![CDATA[abcd]]>
              </value>
            </param>
            <param index="1">
              <value>
                <![CDATA[abcd@gmail.com]]>
              </value>
            </param>
          </params>
          <reporter-output>
          </reporter-output>
        </test-method> <!-- validateFNFreeTrailButton -->
        <test-method is-config="true" signature="end()[pri:0, instance:com.myProject.TestCases.HomePageCase@776aec5c]" started-at="2021-12-19T14:23:50 IST" name="end" finished-at="2021-12-19T14:23:50 IST" duration-ms="760" status="PASS">
          <reporter-output>
          </reporter-output>
        </test-method> <!-- end -->
        <test-method signature="validateFNFreeTrail(java.lang.String,java.lang.String)[pri:4, instance:com.myProject.TestCases.HomePageCase@776aec5c]" started-at="2021-12-19T14:23:50 IST" name="validateFNFreeTrail" finished-at="2021-12-19T14:23:50 IST" depends-on-methods="com.myProject.TestCases.HomePageCase.validateFNFreeTrailButton" duration-ms="0" status="SKIP">
          <exception class="java.lang.Throwable">
            <message>
              <![CDATA[Method HomePageCase.validateFNFreeTrail(java.lang.String,java.lang.String)[pri:4, instance:com.myProject.TestCases.HomePageCase@776aec5c] depends on not successfully finished methods]]>
            </message>
            <full-stacktrace>
              <![CDATA[java.lang.Throwable: Method HomePageCase.validateFNFreeTrail(java.lang.String,java.lang.String)[pri:4, instance:com.myProject.TestCases.HomePageCase@776aec5c] depends on not successfully finished methods
at org.testng.internal.TestInvoker.invokeTestMethods(TestInvoker.java:102)
at org.testng.internal.TestMethodWorker.invokeTestMethods(TestMethodWorker.java:146)
at org.testng.internal.TestMethodWorker.run(TestMethodWorker.java:128)
at java.base/java.util.ArrayList.forEach(ArrayList.java:1511)
at org.testng.TestRunner.privateRun(TestRunner.java:794)
at org.testng.TestRunner.run(TestRunner.java:596)
at org.testng.SuiteRunner.runTest(SuiteRunner.java:377)
at org.testng.SuiteRunner.runSequentially(SuiteRunner.java:371)
at org.testng.SuiteRunner.privateRun(SuiteRunner.java:332)
at org.testng.SuiteRunner.run(SuiteRunner.java:276)
at org.testng.SuiteRunnerWorker.runSuite(SuiteRunnerWorker.java:53)
at org.testng.SuiteRunnerWorker.run(SuiteRunnerWorker.java:96)
at org.testng.TestNG.runSuitesSequentially(TestNG.java:1212)
at org.testng.TestNG.runSuitesLocally(TestNG.java:1134)
at org.testng.TestNG.runSuites(TestNG.java:1063)
at org.testng.TestNG.run(TestNG.java:1031)
at org.testng.remote.AbstractRemoteTestNG.run(AbstractRemoteTestNG.java:115)
at org.testng.remote.RemoteTestNG.initAndRun(RemoteTestNG.java:251)
at org.testng.remote.RemoteTestNG.main(RemoteTestNG.java:77)
]]>
            </full-stacktrace>
          </exception> <!-- java.lang.Throwable -->
          <reporter-output>
          </reporter-output>
        </test-method> <!-- validateFNFreeTrail -->
        <test-method is-config="true" signature="pageSetup(java.lang.String)[pri:0, instance:com.myProject.TestCases.HomePageCase@776aec5c]" started-at="2021-12-19T14:23:50 IST" name="pageSetup" finished-at="2021-12-19T14:24:09 IST" duration-ms="18142" status="PASS">
          <params>
            <param index="0">
              <value>
                <![CDATA[chrome]]>
              </value>
            </param>
          </params>
          <reporter-output>
          </reporter-output>
        </test-method> <!-- pageSetup -->
        <test-method signature="testAllLinksForHP()[pri:5, instance:com.myProject.TestCases.HomePageCase@776aec5c]" started-at="2021-12-19T14:24:09 IST" name="testAllLinksForHP" finished-at="2021-12-19T14:24:15 IST" duration-ms="6403" status="PASS">
          <reporter-output>
          </reporter-output>
        </test-method> <!-- testAllLinksForHP -->
        <test-method is-config="true" signature="end()[pri:0, instance:com.myProject.TestCases.HomePageCase@776aec5c]" started-at="2021-12-19T14:24:15 IST" name="end" finished-at="2021-12-19T14:24:16 IST" duration-ms="801" status="PASS">
          <reporter-output>
          </reporter-output>
        </test-method> <!-- end -->
        <test-method is-config="true" signature="pageSetup(java.lang.String)[pri:0, instance:com.myProject.TestCases.HomePageCase@776aec5c]" started-at="2021-12-19T14:24:16 IST" name="pageSetup" finished-at="2021-12-19T14:24:32 IST" duration-ms="16270" status="PASS">
          <params>
            <param index="0">
              <value>
                <![CDATA[chrome]]>
              </value>
            </param>
          </params>
          <reporter-output>
          </reporter-output>
        </test-method> <!-- pageSetup -->
        <test-method signature="validateNavaigationPlatform()[pri:6, instance:com.myProject.TestCases.HomePageCase@776aec5c]" started-at="2021-12-19T14:24:32 IST" name="validateNavaigationPlatform" finished-at="2021-12-19T14:24:38 IST" duration-ms="6162" status="PASS">
          <reporter-output>
          </reporter-output>
        </test-method> <!-- validateNavaigationPlatform -->
        <test-method is-config="true" signature="end()[pri:0, instance:com.myProject.TestCases.HomePageCase@776aec5c]" started-at="2021-12-19T14:24:38 IST" name="end" finished-at="2021-12-19T14:24:39 IST" duration-ms="942" status="PASS">
          <reporter-output>
          </reporter-output>
        </test-method> <!-- end -->
        <test-method is-config="true" signature="pageSetup(java.lang.String)[pri:0, instance:com.myProject.TestCases.HomePageCase@776aec5c]" started-at="2021-12-19T14:24:39 IST" name="pageSetup" finished-at="2021-12-19T14:25:00 IST" duration-ms="20578" status="PASS">
          <params>
            <param index="0">
              <value>
                <![CDATA[chrome]]>
              </value>
            </param>
          </params>
          <reporter-output>
          </reporter-output>
        </test-method> <!-- pageSetup -->
        <test-method signature="validateNavigationWhyOrangeHRM()[pri:7, instance:com.myProject.TestCases.HomePageCase@776aec5c]" started-at="2021-12-19T14:25:00 IST" name="validateNavigationWhyOrangeHRM" finished-at="2021-12-19T14:25:06 IST" duration-ms="6192" status="PASS">
          <reporter-output>
          </reporter-output>
        </test-method> <!-- validateNavigationWhyOrangeHRM -->
        <test-method is-config="true" signature="end()[pri:0, instance:com.myProject.TestCases.HomePageCase@776aec5c]" started-at="2021-12-19T14:25:06 IST" name="end" finished-at="2021-12-19T14:25:07 IST" duration-ms="926" status="PASS">
          <reporter-output>
          </reporter-output>
        </test-method> <!-- end -->
        <test-method is-config="true" signature="pageSetup(java.lang.String)[pri:0, instance:com.myProject.TestCases.HomePageCase@776aec5c]" started-at="2021-12-19T14:25:07 IST" name="pageSetup" finished-at="2021-12-19T14:25:22 IST" duration-ms="15585" status="PASS">
          <params>
            <param index="0">
              <value>
                <![CDATA[chrome]]>
              </value>
            </param>
          </params>
          <reporter-output>
          </reporter-output>
        </test-method> <!-- pageSetup -->
        <test-method signature="validateNavigationReSources()[pri:8, instance:com.myProject.TestCases.HomePageCase@776aec5c]" started-at="2021-12-19T14:25:22 IST" name="validateNavigationReSources" finished-at="2021-12-19T14:25:29 IST" duration-ms="6185" status="PASS">
          <reporter-output>
          </reporter-output>
        </test-method> <!-- validateNavigationReSources -->
        <test-method is-config="true" signature="end()[pri:0, instance:com.myProject.TestCases.HomePageCase@776aec5c]" started-at="2021-12-19T14:25:29 IST" name="end" finished-at="2021-12-19T14:25:29 IST" duration-ms="839" status="PASS">
          <reporter-output>
          </reporter-output>
        </test-method> <!-- end -->
        <test-method is-config="true" signature="pageSetup(java.lang.String)[pri:0, instance:com.myProject.TestCases.HomePageCase@776aec5c]" started-at="2021-12-19T14:25:29 IST" name="pageSetup" finished-at="2021-12-19T14:25:45 IST" duration-ms="15694" status="PASS">
          <params>
            <param index="0">
              <value>
                <![CDATA[chrome]]>
              </value>
            </param>
          </params>
          <reporter-output>
          </reporter-output>
        </test-method> <!-- pageSetup -->
        <test-method signature="validateNavigationCompany()[pri:9, instance:com.myProject.TestCases.HomePageCase@776aec5c]" started-at="2021-12-19T14:25:45 IST" name="validateNavigationCompany" finished-at="2021-12-19T14:25:50 IST" duration-ms="4420" status="PASS">
          <reporter-output>
          </reporter-output>
        </test-method> <!-- validateNavigationCompany -->
        <test-method is-config="true" signature="end()[pri:0, instance:com.myProject.TestCases.HomePageCase@776aec5c]" started-at="2021-12-19T14:25:50 IST" name="end" finished-at="2021-12-19T14:25:50 IST" duration-ms="846" status="PASS">
          <reporter-output>
          </reporter-output>
        </test-method> <!-- end -->
        <test-method is-config="true" signature="pageSetup(java.lang.String)[pri:0, instance:com.myProject.TestCases.HomePageCase@776aec5c]" started-at="2021-12-19T14:25:50 IST" name="pageSetup" finished-at="2021-12-19T14:26:11 IST" duration-ms="20501" status="PASS">
          <params>
            <param index="0">
              <value>
                <![CDATA[chrome]]>
              </value>
            </param>
          </params>
          <reporter-output>
          </reporter-output>
        </test-method> <!-- pageSetup -->
        <test-method signature="navigateToHRAdministrationThroughButton()[pri:10, instance:com.myProject.TestCases.HomePageCase@776aec5c]" started-at="2021-12-19T14:26:11 IST" name="navigateToHRAdministrationThroughButton" finished-at="2021-12-19T14:26:16 IST" duration-ms="5271" status="PASS">
          <reporter-output>
          </reporter-output>
        </test-method> <!-- navigateToHRAdministrationThroughButton -->
        <test-method is-config="true" signature="end()[pri:0, instance:com.myProject.TestCases.HomePageCase@776aec5c]" started-at="2021-12-19T14:26:16 IST" name="end" finished-at="2021-12-19T14:26:17 IST" duration-ms="877" status="PASS">
          <reporter-output>
          </reporter-output>
        </test-method> <!-- end -->
        <test-method is-config="true" signature="pageSetup(java.lang.String)[pri:0, instance:com.myProject.TestCases.HomePageCase@776aec5c]" started-at="2021-12-19T14:26:17 IST" name="pageSetup" finished-at="2021-12-19T14:26:32 IST" duration-ms="14733" status="PASS">
          <params>
            <param index="0">
              <value>
                <![CDATA[chrome]]>
              </value>
            </param>
          </params>
          <reporter-output>
          </reporter-output>
        </test-method> <!-- pageSetup -->
        <test-method signature="navigateEmployeeMgmtThroughButton()[pri:11, instance:com.myProject.TestCases.HomePageCase@776aec5c]" started-at="2021-12-19T14:26:32 IST" name="navigateEmployeeMgmtThroughButton" finished-at="2021-12-19T14:26:43 IST" duration-ms="10716" status="PASS">
          <reporter-output>
          </reporter-output>
        </test-method> <!-- navigateEmployeeMgmtThroughButton -->
        <test-method is-config="true" signature="end()[pri:0, instance:com.myProject.TestCases.HomePageCase@776aec5c]" started-at="2021-12-19T14:26:43 IST" name="end" finished-at="2021-12-19T14:26:43 IST" duration-ms="845" status="PASS">
          <reporter-output>
          </reporter-output>
        </test-method> <!-- end -->
        <test-method is-config="true" signature="pageSetup(java.lang.String)[pri:0, instance:com.myProject.TestCases.HomePageCase@776aec5c]" started-at="2021-12-19T14:26:43 IST" name="pageSetup" finished-at="2021-12-19T14:27:07 IST" duration-ms="23797" status="PASS">
          <params>
            <param index="0">
              <value>
                <![CDATA[chrome]]>
              </value>
            </param>
          </params>
          <reporter-output>
          </reporter-output>
        </test-method> <!-- pageSetup -->
        <test-method signature="navigateReportingThroughButton()[pri:12, instance:com.myProject.TestCases.HomePageCase@776aec5c]" started-at="2021-12-19T14:27:07 IST" name="navigateReportingThroughButton" finished-at="2021-12-19T14:27:13 IST" duration-ms="5529" status="PASS">
          <reporter-output>
          </reporter-output>
        </test-method> <!-- navigateReportingThroughButton -->
        <test-method is-config="true" signature="end()[pri:0, instance:com.myProject.TestCases.HomePageCase@776aec5c]" started-at="2021-12-19T14:27:13 IST" name="end" finished-at="2021-12-19T14:27:14 IST" duration-ms="887" status="PASS">
          <reporter-output>
          </reporter-output>
        </test-method> <!-- end -->
        <test-method is-config="true" signature="pageSetup(java.lang.String)[pri:0, instance:com.myProject.TestCases.HomePageCase@776aec5c]" started-at="2021-12-19T14:27:14 IST" name="pageSetup" finished-at="2021-12-19T14:27:28 IST" duration-ms="14594" status="PASS">
          <params>
            <param index="0">
              <value>
                <![CDATA[chrome]]>
              </value>
            </param>
          </params>
          <reporter-output>
          </reporter-output>
        </test-method> <!-- pageSetup -->
        <test-method signature="validateNavigatePerformanceManagement()[pri:13, instance:com.myProject.TestCases.HomePageCase@776aec5c]" started-at="2021-12-19T14:27:28 IST" name="validateNavigatePerformanceManagement" finished-at="2021-12-19T14:27:32 IST" duration-ms="4092" status="PASS">
          <reporter-output>
          </reporter-output>
        </test-method> <!-- validateNavigatePerformanceManagement -->
        <test-method is-config="true" signature="end()[pri:0, instance:com.myProject.TestCases.HomePageCase@776aec5c]" started-at="2021-12-19T14:27:32 IST" name="end" finished-at="2021-12-19T14:27:33 IST" duration-ms="827" status="PASS">
          <reporter-output>
          </reporter-output>
        </test-method> <!-- end -->
        <test-method is-config="true" signature="pageSetup(java.lang.String)[pri:0, instance:com.myProject.TestCases.HomePageCase@776aec5c]" started-at="2021-12-19T14:27:33 IST" name="pageSetup" finished-at="2021-12-19T14:27:47 IST" duration-ms="14371" status="PASS">
          <params>
            <param index="0">
              <value>
                <![CDATA[chrome]]>
              </value>
            </param>
          </params>
          <reporter-output>
          </reporter-output>
        </test-method> <!-- pageSetup -->
        <test-method signature="validateNavigateCarrerDevelopment()[pri:14, instance:com.myProject.TestCases.HomePageCase@776aec5c]" started-at="2021-12-19T14:27:47 IST" name="validateNavigateCarrerDevelopment" finished-at="2021-12-19T14:27:52 IST" duration-ms="4200" status="PASS">
          <reporter-output>
          </reporter-output>
        </test-method> <!-- validateNavigateCarrerDevelopment -->
        <test-method is-config="true" signature="end()[pri:0, instance:com.myProject.TestCases.HomePageCase@776aec5c]" started-at="2021-12-19T14:27:52 IST" name="end" finished-at="2021-12-19T14:27:53 IST" duration-ms="838" status="PASS">
          <reporter-output>
          </reporter-output>
        </test-method> <!-- end -->
        <test-method is-config="true" signature="pageSetup(java.lang.String)[pri:0, instance:com.myProject.TestCases.HomePageCase@776aec5c]" started-at="2021-12-19T14:27:53 IST" name="pageSetup" finished-at="2021-12-19T14:28:12 IST" duration-ms="19178" status="PASS">
          <params>
            <param index="0">
              <value>
                <![CDATA[chrome]]>
              </value>
            </param>
          </params>
          <reporter-output>
          </reporter-output>
        </test-method> <!-- pageSetup -->
        <test-method signature="validateClickOnTraining()[pri:15, instance:com.myProject.TestCases.HomePageCase@776aec5c]" started-at="2021-12-19T14:28:12 IST" name="validateClickOnTraining" finished-at="2021-12-19T14:28:18 IST" duration-ms="5843" status="PASS">
          <reporter-output>
          </reporter-output>
        </test-method> <!-- validateClickOnTraining -->
        <test-method is-config="true" signature="end()[pri:0, instance:com.myProject.TestCases.HomePageCase@776aec5c]" started-at="2021-12-19T14:28:18 IST" name="end" finished-at="2021-12-19T14:28:18 IST" duration-ms="935" status="PASS">
          <reporter-output>
          </reporter-output>
        </test-method> <!-- end -->
        <test-method is-config="true" signature="pageSetup(java.lang.String)[pri:0, instance:com.myProject.TestCases.HomePageCase@776aec5c]" started-at="2021-12-19T14:28:18 IST" name="pageSetup" finished-at="2021-12-19T14:28:34 IST" duration-ms="15501" status="PASS">
          <params>
            <param index="0">
              <value>
                <![CDATA[chrome]]>
              </value>
            </param>
          </params>
          <reporter-output>
          </reporter-output>
        </test-method> <!-- pageSetup -->
        <test-method signature="validateLearnTalentMgmt()[pri:16, instance:com.myProject.TestCases.HomePageCase@776aec5c]" started-at="2021-12-19T14:28:34 IST" name="validateLearnTalentMgmt" finished-at="2021-12-19T14:28:39 IST" duration-ms="4511" status="PASS">
          <reporter-output>
          </reporter-output>
        </test-method> <!-- validateLearnTalentMgmt -->
        <test-method is-config="true" signature="end()[pri:0, instance:com.myProject.TestCases.HomePageCase@776aec5c]" started-at="2021-12-19T14:28:39 IST" name="end" finished-at="2021-12-19T14:28:39 IST" duration-ms="823" status="PASS">
          <reporter-output>
          </reporter-output>
        </test-method> <!-- end -->
        <test-method is-config="true" signature="pageSetup(java.lang.String)[pri:0, instance:com.myProject.TestCases.HomePageCase@776aec5c]" started-at="2021-12-19T14:28:39 IST" name="pageSetup" finished-at="2021-12-19T14:29:09 IST" duration-ms="29466" status="PASS">
          <params>
            <param index="0">
              <value>
                <![CDATA[chrome]]>
              </value>
            </param>
          </params>
          <reporter-output>
          </reporter-output>
        </test-method> <!-- pageSetup -->
        <test-method signature="validateNavigateToRecruitmentPage()[pri:17, instance:com.myProject.TestCases.HomePageCase@776aec5c]" started-at="2021-12-19T14:29:09 IST" name="validateNavigateToRecruitmentPage" finished-at="2021-12-19T14:29:17 IST" duration-ms="8529" status="PASS">
          <reporter-output>
          </reporter-output>
        </test-method> <!-- validateNavigateToRecruitmentPage -->
        <test-method is-config="true" signature="end()[pri:0, instance:com.myProject.TestCases.HomePageCase@776aec5c]" started-at="2021-12-19T14:29:17 IST" name="end" finished-at="2021-12-19T14:29:18 IST" duration-ms="862" status="PASS">
          <reporter-output>
          </reporter-output>
        </test-method> <!-- end -->
        <test-method is-config="true" signature="pageSetup(java.lang.String)[pri:0, instance:com.myProject.TestCases.HomePageCase@776aec5c]" started-at="2021-12-19T14:29:18 IST" name="pageSetup" finished-at="2021-12-19T14:29:33 IST" duration-ms="14741" status="PASS">
          <params>
            <param index="0">
              <value>
                <![CDATA[chrome]]>
              </value>
            </param>
          </params>
          <reporter-output>
          </reporter-output>
        </test-method> <!-- pageSetup -->
        <test-method signature="validateNavigateToRecruitmentPageThroughButton()[pri:18, instance:com.myProject.TestCases.HomePageCase@776aec5c]" started-at="2021-12-19T14:29:33 IST" name="validateNavigateToRecruitmentPageThroughButton" finished-at="2021-12-19T14:29:37 IST" duration-ms="4013" status="PASS">
          <reporter-output>
          </reporter-output>
        </test-method> <!-- validateNavigateToRecruitmentPageThroughButton -->
        <test-method is-config="true" signature="end()[pri:0, instance:com.myProject.TestCases.HomePageCase@776aec5c]" started-at="2021-12-19T14:29:37 IST" name="end" finished-at="2021-12-19T14:29:38 IST" duration-ms="881" status="PASS">
          <reporter-output>
          </reporter-output>
        </test-method> <!-- end -->
        <test-method is-config="true" signature="pageSetup(java.lang.String)[pri:0, instance:com.myProject.TestCases.HomePageCase@776aec5c]" started-at="2021-12-19T14:29:38 IST" name="pageSetup" finished-at="2021-12-19T14:29:49 IST" duration-ms="10862" status="PASS">
          <params>
            <param index="0">
              <value>
                <![CDATA[chrome]]>
              </value>
            </param>
          </params>
          <reporter-output>
          </reporter-output>
        </test-method> <!-- pageSetup -->
        <test-method signature="validateNavigateToOnBoardingPageThroughButton()[pri:19, instance:com.myProject.TestCases.HomePageCase@776aec5c]" started-at="2021-12-19T14:29:49 IST" name="validateNavigateToOnBoardingPageThroughButton" finished-at="2021-12-19T14:29:54 IST" duration-ms="4976" status="PASS">
          <reporter-output>
          </reporter-output>
        </test-method> <!-- validateNavigateToOnBoardingPageThroughButton -->
        <test-method is-config="true" signature="end()[pri:0, instance:com.myProject.TestCases.HomePageCase@776aec5c]" started-at="2021-12-19T14:29:54 IST" name="end" finished-at="2021-12-19T14:29:55 IST" duration-ms="971" status="PASS">
          <reporter-output>
          </reporter-output>
        </test-method> <!-- end -->
        <test-method is-config="true" signature="endSuite()[pri:0, instance:com.myProject.TestCases.HomePageCase@776aec5c]" started-at="2021-12-19T14:33:12 IST" name="endSuite" finished-at="2021-12-19T14:33:13 IST" duration-ms="285" status="PASS">
          <reporter-output>
          </reporter-output>
        </test-method> <!-- endSuite -->
      </class> <!-- com.myProject.TestCases.HomePageCase -->
      <class name="com.myProject.TestCases.ContactSalesTest">
        <test-method is-config="true" signature="pageSetup(java.lang.String)[pri:0, instance:com.myProject.TestCases.ContactSalesTest@292b08d6]" started-at="2021-12-19T14:31:53 IST" name="pageSetup" finished-at="2021-12-19T14:32:06 IST" duration-ms="12658" status="PASS">
          <params>
            <param index="0">
              <value>
                <![CDATA[chrome]]>
              </value>
            </param>
          </params>
          <reporter-output>
          </reporter-output>
        </test-method> <!-- pageSetup -->
        <test-method signature="navigateToContactSalesPage()[pri:1, instance:com.myProject.TestCases.ContactSalesTest@292b08d6]" started-at="2021-12-19T14:32:06 IST" name="navigateToContactSalesPage" finished-at="2021-12-19T14:32:10 IST" duration-ms="4035" status="PASS">
          <reporter-output>
          </reporter-output>
        </test-method> <!-- navigateToContactSalesPage -->
        <test-method is-config="true" signature="end()[pri:0, instance:com.myProject.TestCases.ContactSalesTest@292b08d6]" started-at="2021-12-19T14:32:10 IST" name="end" finished-at="2021-12-19T14:32:11 IST" duration-ms="656" status="PASS">
          <reporter-output>
          </reporter-output>
        </test-method> <!-- end -->
      </class> <!-- com.myProject.TestCases.ContactSalesTest -->
    </test> <!-- Test -->
  </suite> <!-- Suite -->
</testng-results>
