<?xml version="1.0" encoding="UTF-8"?>
<!-- Generated by org.testng.reporters.JUnitXMLReporter -->
<testsuite ignored="6" hostname="LSPL313-PC" failures="5" tests="31" name="Test" time="1788.162" errors="0" timestamp="2021-12-18T22:20:31 IST">
  <testcase classname="com.myProject.TestCases.HomePageCase" name="validatePageTitle" time="0.046"/>
  <testcase classname="com.myProject.TestCases.HomePageCase" name="validateLogo" time="0.115"/>
  <testcase classname="com.myProject.TestCases.HomePageCase" name="validateFNFreeTrailButton" time="5.887"/>
  <testcase classname="com.myProject.TestCases.HomePageCase" name="validateFNFreeTrailButton" time="6.33"/>
  <testcase classname="com.myProject.TestCases.HomePageCase" name="validateFNFreeTrail" time="4.701"/>
  <testcase classname="com.myProject.TestCases.HomePageCase" name="validateFNFreeTrail" time="7.894"/>
  <testcase classname="com.myProject.TestCases.HomePageCase" name="testAllLinksForHP" time="7.213"/>
  <testcase classname="com.myProject.TestCases.HomePageCase" name="validateNavaigationPlatform" time="7.754"/>
  <testcase classname="com.myProject.TestCases.HomePageCase" name="validateNavigationWhyOrangeHRM" time="11.209"/>
  <testcase classname="com.myProject.TestCases.HomePageCase" name="validateNavigationReSources" time="1.802"/>
  <testcase classname="com.myProject.TestCases.HomePageCase" name="validateNavigationCompany" time="2.051"/>
  <testcase classname="com.myProject.TestCases.HomePageCase" name="navigateToHRAdministrationThroughButton" time="16.613"/>
  <testcase classname="com.myProject.TestCases.HomePageCase" name="navigateEmployeeMgmtThroughButton" time="16.102"/>
  <testcase classname="com.myProject.TestCases.HomePageCase" name="navigateReportingThroughButton" time="11.503"/>
  <testcase classname="com.myProject.TestCases.HomePageCase" name="validateNavigatePerformanceManagement" time="23.338"/>
  <testcase classname="com.myProject.TestCases.HomePageCase" name="validateNavigateCarrerDevelopment" time="12.317"/>
  <testcase classname="com.myProject.TestCases.HomePageCase" name="validateClickOnTraining" time="16.896"/>
  <testcase classname="com.myProject.TestCases.HomePageCase" name="validateLearnTalentMgmt" time="10.177"/>
  <testcase classname="com.myProject.TestCases.HomePageCase" name="validateNavigateToRecruitmentPage" time="8.331"/>
  <testcase classname="com.myProject.TestCases.HomePageCase" name="validateNavigateToRecruitmentPageThroughButton" time="10.463"/>
  <testcase classname="com.myProject.TestCases.HomePageCase" name="validateNavigateToOnBoardingPageThroughButton" time="10.044"/>
  <testcase classname="com.myProject.TestCases.AboutPageCase" name="validateclickBtnGetFreeDemo" time="19.194">
    <failure type="org.openqa.selenium.NoSuchElementException" message="no such element: Unable to locate element: {&amp;quot;method&amp;quot;:&amp;quot;xpath&amp;quot;,&amp;quot;selector&amp;quot;:&amp;quot;//*[@id=&amp;quot;demoRequest&amp;quot;]/div/div/div/div/div[1]/div/h3&amp;quot;}
  (Session info: chrome=96.0.4664.110)
For documentation on this error, please visit: https://selenium.dev/exceptions/#no_such_element
Build info: version: &amp;apos;4.0.0&amp;apos;, revision: &amp;apos;3a21814679&amp;apos;
System info: host: &amp;apos;LSPL313-PC&amp;apos;, ip: &amp;apos;192.168.251.254&amp;apos;, os.name: &amp;apos;Windows 10&amp;apos;, os.arch: &amp;apos;amd64&amp;apos;, os.version: &amp;apos;10.0&amp;apos;, java.version: &amp;apos;15.0.1&amp;apos;
Driver info: org.openqa.selenium.chrome.ChromeDriver
Command: [1e9c89db6c802fb6ad25724fc791886b, findElement {using=xpath, value=//*[@id=&amp;quot;demoRequest&amp;quot;]/div/div/div/div/div[1]/div/h3}]
Capabilities {acceptInsecureCerts: false, browserName: chrome, browserVersion: 96.0.4664.110, chrome: {chromedriverVersion: 95.0.4638.54 (d31a821ec901f..., userDataDir: C:\Users\LSPL313\AppData\Lo...}, goog:chromeOptions: {debuggerAddress: localhost:55815}, javascriptEnabled: true, networkConnectionEnabled: false, pageLoadStrategy: normal, platform: WINDOWS, platformName: WINDOWS, proxy: Proxy(), se:cdp: ws://localhost:55815/devtoo..., se:cdpVersion: 96.0.4664.110, setWindowRect: true, strictFileInteractability: false, timeouts: {implicit: 0, pageLoad: 300000, script: 30000}, unhandledPromptBehavior: dismiss and notify, webauthn:extension:credBlob: true, webauthn:extension:largeBlob: true, webauthn:virtualAuthenticators: true}
Session ID: 1e9c89db6c802fb6ad25724fc791886b">
      <![CDATA[org.openqa.selenium.NoSuchElementException: no such element: Unable to locate element: {"method":"xpath","selector":"//*[@id="demoRequest"]/div/div/div/div/div[1]/div/h3"}
  (Session info: chrome=96.0.4664.110)
For documentation on this error, please visit: https://selenium.dev/exceptions/#no_such_element
Build info: version: '4.0.0', revision: '3a21814679'
System info: host: 'LSPL313-PC', ip: '192.168.251.254', os.name: 'Windows 10', os.arch: 'amd64', os.version: '10.0', java.version: '15.0.1'
Driver info: org.openqa.selenium.chrome.ChromeDriver
Command: [1e9c89db6c802fb6ad25724fc791886b, findElement {using=xpath, value=//*[@id="demoRequest"]/div/div/div/div/div[1]/div/h3}]
Capabilities {acceptInsecureCerts: false, browserName: chrome, browserVersion: 96.0.4664.110, chrome: {chromedriverVersion: 95.0.4638.54 (d31a821ec901f..., userDataDir: C:\Users\LSPL313\AppData\Lo...}, goog:chromeOptions: {debuggerAddress: localhost:55815}, javascriptEnabled: true, networkConnectionEnabled: false, pageLoadStrategy: normal, platform: WINDOWS, platformName: WINDOWS, proxy: Proxy(), se:cdp: ws://localhost:55815/devtoo..., se:cdpVersion: 96.0.4664.110, setWindowRect: true, strictFileInteractability: false, timeouts: {implicit: 0, pageLoad: 300000, script: 30000}, unhandledPromptBehavior: dismiss and notify, webauthn:extension:credBlob: true, webauthn:extension:largeBlob: true, webauthn:virtualAuthenticators: true}
Session ID: 1e9c89db6c802fb6ad25724fc791886b
at org.openqa.selenium.remote.codec.w3c.W3CHttpResponseCodec.createException(W3CHttpResponseCodec.java:200)
at org.openqa.selenium.remote.codec.w3c.W3CHttpResponseCodec.decode(W3CHttpResponseCodec.java:133)
at org.openqa.selenium.remote.codec.w3c.W3CHttpResponseCodec.decode(W3CHttpResponseCodec.java:53)
at org.openqa.selenium.remote.HttpCommandExecutor.execute(HttpCommandExecutor.java:184)
at org.openqa.selenium.remote.service.DriverCommandExecutor.invokeExecute(DriverCommandExecutor.java:164)
at org.openqa.selenium.remote.service.DriverCommandExecutor.execute(DriverCommandExecutor.java:139)
at org.openqa.selenium.remote.RemoteWebDriver.execute(RemoteWebDriver.java:559)
at org.openqa.selenium.remote.ElementLocation$ElementFinder$2.findElement(ElementLocation.java:162)
at org.openqa.selenium.remote.ElementLocation.findElement(ElementLocation.java:60)
at org.openqa.selenium.remote.RemoteWebDriver.findElement(RemoteWebDriver.java:383)
at org.openqa.selenium.remote.RemoteWebDriver.findElement(RemoteWebDriver.java:375)
at org.openqa.selenium.support.pagefactory.DefaultElementLocator.findElement(DefaultElementLocator.java:70)
at org.openqa.selenium.support.pagefactory.internal.LocatingElementHandler.invoke(LocatingElementHandler.java:39)
at com.sun.proxy.$Proxy22.isDisplayed(Unknown Source)
at com.myProject.PageActionClass.AboutPage.clickBtnGetFreeDemo(AboutPage.java:74)
at com.myProject.TestCases.AboutPageCase.validateclickBtnGetFreeDemo(AboutPageCase.java:37)
at java.base/java.util.ArrayList.forEach(ArrayList.java:1511)
... Removed 32 stack frames]]>
    </failure>
  </testcase> <!-- validateclickBtnGetFreeDemo -->
  <testcase classname="com.myProject.TestCases.AboutPageCase" name="validateclickBtnPeopleMgmt" time="17.976"/>
  <testcase classname="com.myProject.TestCases.AboutPageCase" name="validateclickbtngetFreeDemo" time="21.138">
    <failure type="org.openqa.selenium.NoSuchElementException" message="no such element: Unable to locate element: {&amp;quot;method&amp;quot;:&amp;quot;xpath&amp;quot;,&amp;quot;selector&amp;quot;:&amp;quot;//*[@id=&amp;quot;demoRequest&amp;quot;]/div/div/div/div/div[1]/div/h3&amp;quot;}
  (Session info: chrome=96.0.4664.110)
For documentation on this error, please visit: https://selenium.dev/exceptions/#no_such_element
Build info: version: &amp;apos;4.0.0&amp;apos;, revision: &amp;apos;3a21814679&amp;apos;
System info: host: &amp;apos;LSPL313-PC&amp;apos;, ip: &amp;apos;192.168.251.254&amp;apos;, os.name: &amp;apos;Windows 10&amp;apos;, os.arch: &amp;apos;amd64&amp;apos;, os.version: &amp;apos;10.0&amp;apos;, java.version: &amp;apos;15.0.1&amp;apos;
Driver info: org.openqa.selenium.chrome.ChromeDriver
Command: [7d2d273e05342d5d19cb4d926edb1435, findElement {using=xpath, value=//*[@id=&amp;quot;demoRequest&amp;quot;]/div/div/div/div/div[1]/div/h3}]
Capabilities {acceptInsecureCerts: false, browserName: chrome, browserVersion: 96.0.4664.110, chrome: {chromedriverVersion: 95.0.4638.54 (d31a821ec901f..., userDataDir: C:\Users\LSPL313\AppData\Lo...}, goog:chromeOptions: {debuggerAddress: localhost:56099}, javascriptEnabled: true, networkConnectionEnabled: false, pageLoadStrategy: normal, platform: WINDOWS, platformName: WINDOWS, proxy: Proxy(), se:cdp: ws://localhost:56099/devtoo..., se:cdpVersion: 96.0.4664.110, setWindowRect: true, strictFileInteractability: false, timeouts: {implicit: 0, pageLoad: 300000, script: 30000}, unhandledPromptBehavior: dismiss and notify, webauthn:extension:credBlob: true, webauthn:extension:largeBlob: true, webauthn:virtualAuthenticators: true}
Session ID: 7d2d273e05342d5d19cb4d926edb1435">
      <![CDATA[org.openqa.selenium.NoSuchElementException: no such element: Unable to locate element: {"method":"xpath","selector":"//*[@id="demoRequest"]/div/div/div/div/div[1]/div/h3"}
  (Session info: chrome=96.0.4664.110)
For documentation on this error, please visit: https://selenium.dev/exceptions/#no_such_element
Build info: version: '4.0.0', revision: '3a21814679'
System info: host: 'LSPL313-PC', ip: '192.168.251.254', os.name: 'Windows 10', os.arch: 'amd64', os.version: '10.0', java.version: '15.0.1'
Driver info: org.openqa.selenium.chrome.ChromeDriver
Command: [7d2d273e05342d5d19cb4d926edb1435, findElement {using=xpath, value=//*[@id="demoRequest"]/div/div/div/div/div[1]/div/h3}]
Capabilities {acceptInsecureCerts: false, browserName: chrome, browserVersion: 96.0.4664.110, chrome: {chromedriverVersion: 95.0.4638.54 (d31a821ec901f..., userDataDir: C:\Users\LSPL313\AppData\Lo...}, goog:chromeOptions: {debuggerAddress: localhost:56099}, javascriptEnabled: true, networkConnectionEnabled: false, pageLoadStrategy: normal, platform: WINDOWS, platformName: WINDOWS, proxy: Proxy(), se:cdp: ws://localhost:56099/devtoo..., se:cdpVersion: 96.0.4664.110, setWindowRect: true, strictFileInteractability: false, timeouts: {implicit: 0, pageLoad: 300000, script: 30000}, unhandledPromptBehavior: dismiss and notify, webauthn:extension:credBlob: true, webauthn:extension:largeBlob: true, webauthn:virtualAuthenticators: true}
Session ID: 7d2d273e05342d5d19cb4d926edb1435
at org.openqa.selenium.remote.codec.w3c.W3CHttpResponseCodec.createException(W3CHttpResponseCodec.java:200)
at org.openqa.selenium.remote.codec.w3c.W3CHttpResponseCodec.decode(W3CHttpResponseCodec.java:133)
at org.openqa.selenium.remote.codec.w3c.W3CHttpResponseCodec.decode(W3CHttpResponseCodec.java:53)
at org.openqa.selenium.remote.HttpCommandExecutor.execute(HttpCommandExecutor.java:184)
at org.openqa.selenium.remote.service.DriverCommandExecutor.invokeExecute(DriverCommandExecutor.java:164)
at org.openqa.selenium.remote.service.DriverCommandExecutor.execute(DriverCommandExecutor.java:139)
at org.openqa.selenium.remote.RemoteWebDriver.execute(RemoteWebDriver.java:559)
at org.openqa.selenium.remote.ElementLocation$ElementFinder$2.findElement(ElementLocation.java:162)
at org.openqa.selenium.remote.ElementLocation.findElement(ElementLocation.java:60)
at org.openqa.selenium.remote.RemoteWebDriver.findElement(RemoteWebDriver.java:383)
at org.openqa.selenium.remote.RemoteWebDriver.findElement(RemoteWebDriver.java:375)
at org.openqa.selenium.support.pagefactory.DefaultElementLocator.findElement(DefaultElementLocator.java:70)
at org.openqa.selenium.support.pagefactory.internal.LocatingElementHandler.invoke(LocatingElementHandler.java:39)
at com.sun.proxy.$Proxy22.isDisplayed(Unknown Source)
at com.myProject.PageActionClass.AboutPage.clickbtngetFreeDemo(AboutPage.java:99)
at com.myProject.TestCases.AboutPageCase.validateclickbtngetFreeDemo(AboutPageCase.java:55)
at java.base/java.util.ArrayList.forEach(ArrayList.java:1511)
... Removed 32 stack frames]]>
    </failure>
  </testcase> <!-- validateclickbtngetFreeDemo -->
  <testcase classname="com.myProject.TestCases.AboutPageCase" name="validateclickBtnCompensastion" time="23.799"/>
  <testcase classname="com.myProject.TestCases.AboutPageCase" name="validateclickbtnTalentMgmt" time="24.417"/>
  <testcase classname="com.myProject.TestCases.AboutPageCase" name="validateclickbtnCulture" time="33.328"/>
  <testcase classname="com.myProject.TestCases.ContactSalesTest" name="navigateToContactSalesPage" time="30.135"/>
  <testcase classname="com.myProject.TestCases.GetFreeDemoTest" name="navigateToGetDemoPage" time="11.142">
    <failure type="java.lang.AssertionError" message="The following asserts failed:
	expected [s] but found [c],
	expected [Sign Up for a Free HR Software Demo | OrangeHRM] but found [Contact OrangeHRM]">
      <![CDATA[java.lang.AssertionError: The following asserts failed:
expected [s] but found [c],
expected [Sign Up for a Free HR Software Demo | OrangeHRM] but found [Contact OrangeHRM]
at com.myProject.TestCases.GetFreeDemoTest.navigateToGetDemoPage(GetFreeDemoTest.java:58)
at java.base/java.util.ArrayList.forEach(ArrayList.java:1511)
... Removed 29 stack frames]]>
    </failure>
  </testcase> <!-- navigateToGetDemoPage -->
  <testcase classname="com.myProject.TestCases.GetFreeDemoTest" name="registerForFreeDemo" time="15.043">
    <failure type="org.openqa.selenium.NoSuchElementException" message="no such element: Unable to locate element: {&amp;quot;method&amp;quot;:&amp;quot;xpath&amp;quot;,&amp;quot;selector&amp;quot;:&amp;quot;/html/body/section[1]/div/div/div/div/div[2]/div/div/form/fieldset/div[5]/div/select&amp;quot;}
  (Session info: chrome=96.0.4664.110)
For documentation on this error, please visit: https://selenium.dev/exceptions/#no_such_element
Build info: version: &amp;apos;4.0.0&amp;apos;, revision: &amp;apos;3a21814679&amp;apos;
System info: host: &amp;apos;LSPL313-PC&amp;apos;, ip: &amp;apos;192.168.251.254&amp;apos;, os.name: &amp;apos;Windows 10&amp;apos;, os.arch: &amp;apos;amd64&amp;apos;, os.version: &amp;apos;10.0&amp;apos;, java.version: &amp;apos;15.0.1&amp;apos;
Driver info: org.openqa.selenium.chrome.ChromeDriver
Command: [54e5324951bf15f1f751b5f6a0de76cb, findElement {using=xpath, value=/html/body/section[1]/div/div/div/div/div[2]/div/div/form/fieldset/div[5]/div/select}]
Capabilities {acceptInsecureCerts: false, browserName: chrome, browserVersion: 96.0.4664.110, chrome: {chromedriverVersion: 95.0.4638.54 (d31a821ec901f..., userDataDir: C:\Users\LSPL313\AppData\Lo...}, goog:chromeOptions: {debuggerAddress: localhost:57163}, javascriptEnabled: true, networkConnectionEnabled: false, pageLoadStrategy: normal, platform: WINDOWS, platformName: WINDOWS, proxy: Proxy(), se:cdp: ws://localhost:57163/devtoo..., se:cdpVersion: 96.0.4664.110, setWindowRect: true, strictFileInteractability: false, timeouts: {implicit: 0, pageLoad: 300000, script: 30000}, unhandledPromptBehavior: dismiss and notify, webauthn:extension:credBlob: true, webauthn:extension:largeBlob: true, webauthn:virtualAuthenticators: true}
Session ID: 54e5324951bf15f1f751b5f6a0de76cb">
      <![CDATA[org.openqa.selenium.NoSuchElementException: no such element: Unable to locate element: {"method":"xpath","selector":"/html/body/section[1]/div/div/div/div/div[2]/div/div/form/fieldset/div[5]/div/select"}
  (Session info: chrome=96.0.4664.110)
For documentation on this error, please visit: https://selenium.dev/exceptions/#no_such_element
Build info: version: '4.0.0', revision: '3a21814679'
System info: host: 'LSPL313-PC', ip: '192.168.251.254', os.name: 'Windows 10', os.arch: 'amd64', os.version: '10.0', java.version: '15.0.1'
Driver info: org.openqa.selenium.chrome.ChromeDriver
Command: [54e5324951bf15f1f751b5f6a0de76cb, findElement {using=xpath, value=/html/body/section[1]/div/div/div/div/div[2]/div/div/form/fieldset/div[5]/div/select}]
Capabilities {acceptInsecureCerts: false, browserName: chrome, browserVersion: 96.0.4664.110, chrome: {chromedriverVersion: 95.0.4638.54 (d31a821ec901f..., userDataDir: C:\Users\LSPL313\AppData\Lo...}, goog:chromeOptions: {debuggerAddress: localhost:57163}, javascriptEnabled: true, networkConnectionEnabled: false, pageLoadStrategy: normal, platform: WINDOWS, platformName: WINDOWS, proxy: Proxy(), se:cdp: ws://localhost:57163/devtoo..., se:cdpVersion: 96.0.4664.110, setWindowRect: true, strictFileInteractability: false, timeouts: {implicit: 0, pageLoad: 300000, script: 30000}, unhandledPromptBehavior: dismiss and notify, webauthn:extension:credBlob: true, webauthn:extension:largeBlob: true, webauthn:virtualAuthenticators: true}
Session ID: 54e5324951bf15f1f751b5f6a0de76cb
at org.openqa.selenium.remote.codec.w3c.W3CHttpResponseCodec.createException(W3CHttpResponseCodec.java:200)
at org.openqa.selenium.remote.codec.w3c.W3CHttpResponseCodec.decode(W3CHttpResponseCodec.java:133)
at org.openqa.selenium.remote.codec.w3c.W3CHttpResponseCodec.decode(W3CHttpResponseCodec.java:53)
at org.openqa.selenium.remote.HttpCommandExecutor.execute(HttpCommandExecutor.java:184)
at org.openqa.selenium.remote.service.DriverCommandExecutor.invokeExecute(DriverCommandExecutor.java:164)
at org.openqa.selenium.remote.service.DriverCommandExecutor.execute(DriverCommandExecutor.java:139)
at org.openqa.selenium.remote.RemoteWebDriver.execute(RemoteWebDriver.java:559)
at org.openqa.selenium.remote.ElementLocation$ElementFinder$2.findElement(ElementLocation.java:162)
at org.openqa.selenium.remote.ElementLocation.findElement(ElementLocation.java:60)
at org.openqa.selenium.remote.RemoteWebDriver.findElement(RemoteWebDriver.java:383)
at org.openqa.selenium.remote.RemoteWebDriver.findElement(RemoteWebDriver.java:375)
at org.openqa.selenium.support.pagefactory.DefaultElementLocator.findElement(DefaultElementLocator.java:70)
at org.openqa.selenium.support.pagefactory.internal.LocatingElementHandler.invoke(LocatingElementHandler.java:39)
at com.sun.proxy.$Proxy22.sendKeys(Unknown Source)
at com.myProject.PageActionClass.GetFreeDemoPage.fillcountry(GetFreeDemoPage.java:93)
at com.myProject.TestCases.GetFreeDemoTest.registerForFreeDemo(GetFreeDemoTest.java:71)
at java.base/java.util.ArrayList.forEach(ArrayList.java:1511)
... Removed 32 stack frames]]>
    </failure>
  </testcase> <!-- registerForFreeDemo -->
  <testcase classname="com.myProject.TestCases.GetFreeDemoTest" name="registerForFreeDemo" time="16.305">
    <failure type="org.openqa.selenium.NoSuchElementException" message="no such element: Unable to locate element: {&amp;quot;method&amp;quot;:&amp;quot;xpath&amp;quot;,&amp;quot;selector&amp;quot;:&amp;quot;/html/body/section[1]/div/div/div/div/div[2]/div/div/form/fieldset/div[5]/div/select&amp;quot;}
  (Session info: chrome=96.0.4664.110)
For documentation on this error, please visit: https://selenium.dev/exceptions/#no_such_element
Build info: version: &amp;apos;4.0.0&amp;apos;, revision: &amp;apos;3a21814679&amp;apos;
System info: host: &amp;apos;LSPL313-PC&amp;apos;, ip: &amp;apos;192.168.251.254&amp;apos;, os.name: &amp;apos;Windows 10&amp;apos;, os.arch: &amp;apos;amd64&amp;apos;, os.version: &amp;apos;10.0&amp;apos;, java.version: &amp;apos;15.0.1&amp;apos;
Driver info: org.openqa.selenium.chrome.ChromeDriver
Command: [b21093312d36bdb4bd42d540fb81902c, findElement {using=xpath, value=/html/body/section[1]/div/div/div/div/div[2]/div/div/form/fieldset/div[5]/div/select}]
Capabilities {acceptInsecureCerts: false, browserName: chrome, browserVersion: 96.0.4664.110, chrome: {chromedriverVersion: 95.0.4638.54 (d31a821ec901f..., userDataDir: C:\Users\LSPL313\AppData\Lo...}, goog:chromeOptions: {debuggerAddress: localhost:57274}, javascriptEnabled: true, networkConnectionEnabled: false, pageLoadStrategy: normal, platform: WINDOWS, platformName: WINDOWS, proxy: Proxy(), se:cdp: ws://localhost:57274/devtoo..., se:cdpVersion: 96.0.4664.110, setWindowRect: true, strictFileInteractability: false, timeouts: {implicit: 0, pageLoad: 300000, script: 30000}, unhandledPromptBehavior: dismiss and notify, webauthn:extension:credBlob: true, webauthn:extension:largeBlob: true, webauthn:virtualAuthenticators: true}
Session ID: b21093312d36bdb4bd42d540fb81902c">
      <![CDATA[org.openqa.selenium.NoSuchElementException: no such element: Unable to locate element: {"method":"xpath","selector":"/html/body/section[1]/div/div/div/div/div[2]/div/div/form/fieldset/div[5]/div/select"}
  (Session info: chrome=96.0.4664.110)
For documentation on this error, please visit: https://selenium.dev/exceptions/#no_such_element
Build info: version: '4.0.0', revision: '3a21814679'
System info: host: 'LSPL313-PC', ip: '192.168.251.254', os.name: 'Windows 10', os.arch: 'amd64', os.version: '10.0', java.version: '15.0.1'
Driver info: org.openqa.selenium.chrome.ChromeDriver
Command: [b21093312d36bdb4bd42d540fb81902c, findElement {using=xpath, value=/html/body/section[1]/div/div/div/div/div[2]/div/div/form/fieldset/div[5]/div/select}]
Capabilities {acceptInsecureCerts: false, browserName: chrome, browserVersion: 96.0.4664.110, chrome: {chromedriverVersion: 95.0.4638.54 (d31a821ec901f..., userDataDir: C:\Users\LSPL313\AppData\Lo...}, goog:chromeOptions: {debuggerAddress: localhost:57274}, javascriptEnabled: true, networkConnectionEnabled: false, pageLoadStrategy: normal, platform: WINDOWS, platformName: WINDOWS, proxy: Proxy(), se:cdp: ws://localhost:57274/devtoo..., se:cdpVersion: 96.0.4664.110, setWindowRect: true, strictFileInteractability: false, timeouts: {implicit: 0, pageLoad: 300000, script: 30000}, unhandledPromptBehavior: dismiss and notify, webauthn:extension:credBlob: true, webauthn:extension:largeBlob: true, webauthn:virtualAuthenticators: true}
Session ID: b21093312d36bdb4bd42d540fb81902c
at org.openqa.selenium.remote.codec.w3c.W3CHttpResponseCodec.createException(W3CHttpResponseCodec.java:200)
at org.openqa.selenium.remote.codec.w3c.W3CHttpResponseCodec.decode(W3CHttpResponseCodec.java:133)
at org.openqa.selenium.remote.codec.w3c.W3CHttpResponseCodec.decode(W3CHttpResponseCodec.java:53)
at org.openqa.selenium.remote.HttpCommandExecutor.execute(HttpCommandExecutor.java:184)
at org.openqa.selenium.remote.service.DriverCommandExecutor.invokeExecute(DriverCommandExecutor.java:164)
at org.openqa.selenium.remote.service.DriverCommandExecutor.execute(DriverCommandExecutor.java:139)
at org.openqa.selenium.remote.RemoteWebDriver.execute(RemoteWebDriver.java:559)
at org.openqa.selenium.remote.ElementLocation$ElementFinder$2.findElement(ElementLocation.java:162)
at org.openqa.selenium.remote.ElementLocation.findElement(ElementLocation.java:60)
at org.openqa.selenium.remote.RemoteWebDriver.findElement(RemoteWebDriver.java:383)
at org.openqa.selenium.remote.RemoteWebDriver.findElement(RemoteWebDriver.java:375)
at org.openqa.selenium.support.pagefactory.DefaultElementLocator.findElement(DefaultElementLocator.java:70)
at org.openqa.selenium.support.pagefactory.internal.LocatingElementHandler.invoke(LocatingElementHandler.java:39)
at com.sun.proxy.$Proxy22.sendKeys(Unknown Source)
at com.myProject.PageActionClass.GetFreeDemoPage.fillcountry(GetFreeDemoPage.java:93)
at com.myProject.TestCases.GetFreeDemoTest.registerForFreeDemo(GetFreeDemoTest.java:71)
at java.base/java.util.ArrayList.forEach(ArrayList.java:1511)
... Removed 32 stack frames]]>
    </failure>
  </testcase> <!-- registerForFreeDemo -->
  <testcase classname="com.myProject.Base.Base" name="@AfterSuite endSuite" time="0.0">
    <ignored/>
  </testcase> <!-- @AfterSuite endSuite -->
  <testcase classname="com.myProject.Base.Base" name="@AfterSuite endSuite" time="0.0">
    <ignored/>
  </testcase> <!-- @AfterSuite endSuite -->
  <testcase classname="com.myProject.Base.Base" name="@AfterSuite endSuite" time="0.0">
    <ignored/>
  </testcase> <!-- @AfterSuite endSuite -->
  <testcase classname="com.myProject.Base.Base" name="@BeforeSuite startSuite" time="0.0">
    <ignored/>
  </testcase> <!-- @BeforeSuite startSuite -->
  <testcase classname="com.myProject.Base.Base" name="@BeforeSuite startSuite" time="0.0">
    <ignored/>
  </testcase> <!-- @BeforeSuite startSuite -->
  <testcase classname="com.myProject.Base.Base" name="@BeforeSuite startSuite" time="0.0">
    <ignored/>
  </testcase> <!-- @BeforeSuite startSuite -->
</testsuite> <!-- Test -->
